0 verbose cli /data/data/com.termux/files/usr/bin/node /data/data/com.termux/files/usr/lib/node_modules/npm/bin/npm-cli.js
1 info using npm@11.13.0
2 info using node@v25.8.1
3 silly config load:file:/data/data/com.termux/files/usr/lib/node_modules/npm/npmrc
4 silly config load:file:/data/data/com.termux/files/home/.npmrc
5 silly config load:file:/data/data/com.termux/files/usr/etc/npmrc
6 verbose title npm exec skills add firebase/agent-skills --skill * -y
7 verbose argv "exec" "--yes" "--" "skills" "add" "firebase/agent-skills" "--skill" "*" "-y"
8 verbose logfile logs-max:10 dir:/data/data/com.termux/files/home/.npm/_logs/2026-04-23T09_00_55_911Z-
9 verbose logfile /data/data/com.termux/files/home/.npm/_logs/2026-04-23T09_00_55_911Z-debug-0.log
10 silly logfile start cleaning logs, removing 1 files
11 silly logfile done cleaning log files
12 silly packumentCache heap:1096286208 maxSize:274071552 maxEntrySize:137035776
13 verbose shrinkwrap failed to load node_modules/.package-lock.json out of date, updated: node_modules
14 http fetch GET 200 https://registry.npmjs.org/skills 10997ms (cache revalidated)
15 silly packumentCache heap:1096286208 maxSize:274071552 maxEntrySize:137035776
16 silly packumentCache heap:1096286208 maxSize:274071552 maxEntrySize:137035776
17 verbose cwd /data/data/com.termux/files/home/INVERSIONES Atlántida
18 verbose os Linux 4.19.127-ga063971dce66-dirty
19 verbose node v25.8.1
20 verbose npm  v11.13.0
21 verbose exit 0
22 info ok
