0 verbose cli /data/data/com.termux/files/usr/bin/node /data/data/com.termux/files/usr/bin/npm
1 info using npm@11.13.0
2 info using node@v25.8.1
3 silly config load:file:/data/data/com.termux/files/usr/lib/node_modules/npm/npmrc
4 silly config load:file:/data/data/com.termux/files/home/INVERSIONES Atlántida/functions/.npmrc
5 silly config load:file:/data/data/com.termux/files/home/.npmrc
6 silly config load:file:/data/data/com.termux/files/usr/etc/npmrc
7 verbose title npm install
8 verbose argv "install"
9 verbose logfile logs-max:10 dir:/data/data/com.termux/files/home/.npm/_logs/2026-04-23T07_44_23_844Z-
10 verbose logfile /data/data/com.termux/files/home/.npm/_logs/2026-04-23T07_44_23_844Z-debug-0.log
11 silly logfile start cleaning logs, removing 1 files
12 silly logfile done cleaning log files
13 silly packumentCache heap:1096286208 maxSize:274071552 maxEntrySize:137035776
14 silly idealTree buildDeps
15 warn EBADENGINE Unsupported engine {
15 warn EBADENGINE   package: undefined,
15 warn EBADENGINE   required: { node: '24' },
15 warn EBADENGINE   current: { node: 'v25.8.1', npm: '11.13.0' }
15 warn EBADENGINE }
16 silly reify mark retired [
16 silly reify   '/data/data/com.termux/files/home/INVERSIONES Atlántida/functions/node_modules/@rtsao/scc'
16 silly reify ]
17 silly reify mark retired [
17 silly reify   '/data/data/com.termux/files/home/INVERSIONES Atlántida/functions/node_modules/@types/json-schema'
17 silly reify ]
18 silly reify mark retired [
18 silly reify   '/data/data/com.termux/files/home/INVERSIONES Atlántida/functions/node_modules/@types/json5'
18 silly reify ]
19 silly reify mark retired [
19 silly reify   '/data/data/com.termux/files/home/INVERSIONES Atlántida/functions/node_modules/@types/semver'
19 silly reify ]
20 silly reify mark retired [
20 silly reify   '/data/data/com.termux/files/home/INVERSIONES Atlántida/functions/node_modules/@typescript-eslint/eslint-plugin'
20 silly reify ]
21 silly reify mark retired [
21 silly reify   '/data/data/com.termux/files/home/INVERSIONES Atlántida/functions/node_modules/@typescript-eslint/parser'
21 silly reify ]
22 silly reify mark retired [
22 silly reify   '/data/data/com.termux/files/home/INVERSIONES Atlántida/functions/node_modules/@typescript-eslint/scope-manager'
22 silly reify ]
23 silly reify mark retired [
23 silly reify   '/data/data/com.termux/files/home/INVERSIONES Atlántida/functions/node_modules/@typescript-eslint/type-utils'
23 silly reify ]
24 silly reify mark retired [
24 silly reify   '/data/data/com.termux/files/home/INVERSIONES Atlántida/functions/node_modules/@typescript-eslint/types'
24 silly reify ]
25 silly reify mark retired [
25 silly reify   '/data/data/com.termux/files/home/INVERSIONES Atlántida/functions/node_modules/@typescript-eslint/typescript-estree'
25 silly reify ]
26 silly reify mark retired [
26 silly reify   '/data/data/com.termux/files/home/INVERSIONES Atlántida/functions/node_modules/@typescript-eslint/utils'
26 silly reify ]
27 silly reify mark retired [
27 silly reify   '/data/data/com.termux/files/home/INVERSIONES Atlántida/functions/node_modules/@typescript-eslint/visitor-keys'
27 silly reify ]
28 silly reify mark retired [
28 silly reify   '/data/data/com.termux/files/home/INVERSIONES Atlántida/functions/node_modules/array-buffer-byte-length'
28 silly reify ]
29 silly reify mark retired [
29 silly reify   '/data/data/com.termux/files/home/INVERSIONES Atlántida/functions/node_modules/array-includes'
29 silly reify ]
30 silly reify mark retired [
30 silly reify   '/data/data/com.termux/files/home/INVERSIONES Atlántida/functions/node_modules/array-union'
30 silly reify ]
31 silly reify mark retired [
31 silly reify   '/data/data/com.termux/files/home/INVERSIONES Atlántida/functions/node_modules/array.prototype.findlastindex'
31 silly reify ]
32 silly reify mark retired [
32 silly reify   '/data/data/com.termux/files/home/INVERSIONES Atlántida/functions/node_modules/array.prototype.flat'
32 silly reify ]
33 silly reify mark retired [
33 silly reify   '/data/data/com.termux/files/home/INVERSIONES Atlántida/functions/node_modules/array.prototype.flatmap'
33 silly reify ]
34 silly reify mark retired [
34 silly reify   '/data/data/com.termux/files/home/INVERSIONES Atlántida/functions/node_modules/arraybuffer.prototype.slice'
34 silly reify ]
35 silly reify mark retired [
35 silly reify   '/data/data/com.termux/files/home/INVERSIONES Atlántida/functions/node_modules/async-function'
35 silly reify ]
36 silly reify mark retired [
36 silly reify   '/data/data/com.termux/files/home/INVERSIONES Atlántida/functions/node_modules/available-typed-arrays'
36 silly reify ]
37 silly reify mark retired [
37 silly reify   '/data/data/com.termux/files/home/INVERSIONES Atlántida/functions/node_modules/braces'
37 silly reify ]
38 silly reify mark retired [
38 silly reify   '/data/data/com.termux/files/home/INVERSIONES Atlántida/functions/node_modules/call-bind'
38 silly reify ]
39 silly reify mark retired [
39 silly reify   '/data/data/com.termux/files/home/INVERSIONES Atlántida/functions/node_modules/data-view-buffer'
39 silly reify ]
40 silly reify mark retired [
40 silly reify   '/data/data/com.termux/files/home/INVERSIONES Atlántida/functions/node_modules/data-view-byte-length'
40 silly reify ]
41 silly reify mark retired [
41 silly reify   '/data/data/com.termux/files/home/INVERSIONES Atlántida/functions/node_modules/data-view-byte-offset'
41 silly reify ]
42 silly reify mark retired [
42 silly reify   '/data/data/com.termux/files/home/INVERSIONES Atlántida/functions/node_modules/define-data-property'
42 silly reify ]
43 silly reify mark retired [
43 silly reify   '/data/data/com.termux/files/home/INVERSIONES Atlántida/functions/node_modules/define-properties'
43 silly reify ]
44 silly reify mark retired [
44 silly reify   '/data/data/com.termux/files/home/INVERSIONES Atlántida/functions/node_modules/dir-glob'
44 silly reify ]
45 silly reify mark retired [
45 silly reify   '/data/data/com.termux/files/home/INVERSIONES Atlántida/functions/node_modules/es-abstract'
45 silly reify ]
46 silly reify mark retired [
46 silly reify   '/data/data/com.termux/files/home/INVERSIONES Atlántida/functions/node_modules/es-shim-unscopables'
46 silly reify ]
47 silly reify mark retired [
47 silly reify   '/data/data/com.termux/files/home/INVERSIONES Atlántida/functions/node_modules/es-to-primitive'
47 silly reify ]
48 silly reify mark retired [
48 silly reify   '/data/data/com.termux/files/home/INVERSIONES Atlántida/functions/node_modules/eslint-import-resolver-node'
48 silly reify ]
49 silly reify mark retired [
49 silly reify   '/data/data/com.termux/files/home/INVERSIONES Atlántida/functions/node_modules/eslint-module-utils'
49 silly reify ]
50 silly reify mark retired [
50 silly reify   '/data/data/com.termux/files/home/INVERSIONES Atlántida/functions/node_modules/eslint-plugin-import'
50 silly reify ]
51 silly reify mark retired [
51 silly reify   '/data/data/com.termux/files/home/INVERSIONES Atlántida/functions/node_modules/eslint-scope'
51 silly reify ]
52 silly reify mark retired [
52 silly reify   '/data/data/com.termux/files/home/INVERSIONES Atlántida/functions/node_modules/estraverse'
52 silly reify ]
53 silly reify mark retired [
53 silly reify   '/data/data/com.termux/files/home/INVERSIONES Atlántida/functions/node_modules/fast-glob'
53 silly reify ]
54 silly reify mark retired [
54 silly reify   '/data/data/com.termux/files/home/INVERSIONES Atlántida/functions/node_modules/fill-range'
54 silly reify ]
55 silly reify mark retired [
55 silly reify   '/data/data/com.termux/files/home/INVERSIONES Atlántida/functions/node_modules/for-each'
55 silly reify ]
56 silly reify mark retired [
56 silly reify   '/data/data/com.termux/files/home/INVERSIONES Atlántida/functions/node_modules/function.prototype.name'
56 silly reify ]
57 silly reify mark retired [
57 silly reify   '/data/data/com.termux/files/home/INVERSIONES Atlántida/functions/node_modules/functions-have-names'
57 silly reify ]
58 silly reify mark retired [
58 silly reify   '/data/data/com.termux/files/home/INVERSIONES Atlántida/functions/node_modules/generator-function'
58 silly reify ]
59 silly reify mark retired [
59 silly reify   '/data/data/com.termux/files/home/INVERSIONES Atlántida/functions/node_modules/get-symbol-description'
59 silly reify ]
60 silly reify mark retired [
60 silly reify   '/data/data/com.termux/files/home/INVERSIONES Atlántida/functions/node_modules/globalthis'
60 silly reify ]
61 silly reify mark retired [
61 silly reify   '/data/data/com.termux/files/home/INVERSIONES Atlántida/functions/node_modules/globby'
61 silly reify ]
62 silly reify mark retired [
62 silly reify   '/data/data/com.termux/files/home/INVERSIONES Atlántida/functions/node_modules/has-bigints'
62 silly reify ]
63 silly reify mark retired [
63 silly reify   '/data/data/com.termux/files/home/INVERSIONES Atlántida/functions/node_modules/has-property-descriptors'
63 silly reify ]
64 silly reify mark retired [
64 silly reify   '/data/data/com.termux/files/home/INVERSIONES Atlántida/functions/node_modules/has-proto'
64 silly reify ]
65 silly reify mark retired [
65 silly reify   '/data/data/com.termux/files/home/INVERSIONES Atlántida/functions/node_modules/internal-slot'
65 silly reify ]
66 silly reify mark retired [
66 silly reify   '/data/data/com.termux/files/home/INVERSIONES Atlántida/functions/node_modules/is-array-buffer'
66 silly reify ]
67 silly reify mark retired [
67 silly reify   '/data/data/com.termux/files/home/INVERSIONES Atlántida/functions/node_modules/is-async-function'
67 silly reify ]
68 silly reify mark retired [
68 silly reify   '/data/data/com.termux/files/home/INVERSIONES Atlántida/functions/node_modules/is-bigint'
68 silly reify ]
69 silly reify mark retired [
69 silly reify   '/data/data/com.termux/files/home/INVERSIONES Atlántida/functions/node_modules/is-boolean-object'
69 silly reify ]
70 silly reify mark retired [
70 silly reify   '/data/data/com.termux/files/home/INVERSIONES Atlántida/functions/node_modules/is-callable'
70 silly reify ]
71 silly reify mark retired [
71 silly reify   '/data/data/com.termux/files/home/INVERSIONES Atlántida/functions/node_modules/is-core-module'
71 silly reify ]
72 silly reify mark retired [
72 silly reify   '/data/data/com.termux/files/home/INVERSIONES Atlántida/functions/node_modules/is-data-view'
72 silly reify ]
73 silly reify mark retired [
73 silly reify   '/data/data/com.termux/files/home/INVERSIONES Atlántida/functions/node_modules/is-date-object'
73 silly reify ]
74 silly reify mark retired [
74 silly reify   '/data/data/com.termux/files/home/INVERSIONES Atlántida/functions/node_modules/is-finalizationregistry'
74 silly reify ]
75 silly reify mark retired [
75 silly reify   '/data/data/com.termux/files/home/INVERSIONES Atlántida/functions/node_modules/is-generator-function'
75 silly reify ]
76 silly reify mark retired [
76 silly reify   '/data/data/com.termux/files/home/INVERSIONES Atlántida/functions/node_modules/is-map'
76 silly reify ]
77 silly reify mark retired [
77 silly reify   '/data/data/com.termux/files/home/INVERSIONES Atlántida/functions/node_modules/is-negative-zero'
77 silly reify ]
78 silly reify mark retired [
78 silly reify   '/data/data/com.termux/files/home/INVERSIONES Atlántida/functions/node_modules/is-number'
78 silly reify ]
79 silly reify mark retired [
79 silly reify   '/data/data/com.termux/files/home/INVERSIONES Atlántida/functions/node_modules/is-number-object'
79 silly reify ]
80 silly reify mark retired [
80 silly reify   '/data/data/com.termux/files/home/INVERSIONES Atlántida/functions/node_modules/is-regex'
80 silly reify ]
81 silly reify mark retired [
81 silly reify   '/data/data/com.termux/files/home/INVERSIONES Atlántida/functions/node_modules/is-set'
81 silly reify ]
82 silly reify mark retired [
82 silly reify   '/data/data/com.termux/files/home/INVERSIONES Atlántida/functions/node_modules/is-shared-array-buffer'
82 silly reify ]
83 silly reify mark retired [
83 silly reify   '/data/data/com.termux/files/home/INVERSIONES Atlántida/functions/node_modules/is-string'
83 silly reify ]
84 silly reify mark retired [
84 silly reify   '/data/data/com.termux/files/home/INVERSIONES Atlántida/functions/node_modules/is-symbol'
84 silly reify ]
85 silly reify mark retired [
85 silly reify   '/data/data/com.termux/files/home/INVERSIONES Atlántida/functions/node_modules/is-typed-array'
85 silly reify ]
86 silly reify mark retired [
86 silly reify   '/data/data/com.termux/files/home/INVERSIONES Atlántida/functions/node_modules/is-weakmap'
86 silly reify ]
87 silly reify mark retired [
87 silly reify   '/data/data/com.termux/files/home/INVERSIONES Atlántida/functions/node_modules/is-weakref'
87 silly reify ]
88 silly reify mark retired [
88 silly reify   '/data/data/com.termux/files/home/INVERSIONES Atlántida/functions/node_modules/is-weakset'
88 silly reify ]
89 silly reify mark retired [
89 silly reify   '/data/data/com.termux/files/home/INVERSIONES Atlántida/functions/node_modules/isarray'
89 silly reify ]
90 silly reify mark retired [
90 silly reify   '/data/data/com.termux/files/home/INVERSIONES Atlántida/functions/node_modules/merge2'
90 silly reify ]
91 silly reify mark retired [
91 silly reify   '/data/data/com.termux/files/home/INVERSIONES Atlántida/functions/node_modules/micromatch'
91 silly reify ]
92 silly reify mark retired [
92 silly reify   '/data/data/com.termux/files/home/INVERSIONES Atlántida/functions/node_modules/minimist'
92 silly reify ]
93 silly reify mark retired [
93 silly reify   '/data/data/com.termux/files/home/INVERSIONES Atlántida/functions/node_modules/natural-compare-lite'
93 silly reify ]
94 silly reify mark retired [
94 silly reify   '/data/data/com.termux/files/home/INVERSIONES Atlántida/functions/node_modules/node-exports-info'
94 silly reify ]
95 silly reify mark retired [
95 silly reify   '/data/data/com.termux/files/home/INVERSIONES Atlántida/functions/node_modules/object-keys'
95 silly reify ]
96 silly reify mark retired [
96 silly reify   '/data/data/com.termux/files/home/INVERSIONES Atlántida/functions/node_modules/object.assign'
96 silly reify ]
97 silly reify mark retired [
97 silly reify   '/data/data/com.termux/files/home/INVERSIONES Atlántida/functions/node_modules/object.entries'
97 silly reify ]
98 silly reify mark retired [
98 silly reify   '/data/data/com.termux/files/home/INVERSIONES Atlántida/functions/node_modules/object.fromentries'
98 silly reify ]
99 silly reify mark retired [
99 silly reify   '/data/data/com.termux/files/home/INVERSIONES Atlántida/functions/node_modules/object.groupby'
99 silly reify ]
100 silly reify mark retired [
100 silly reify   '/data/data/com.termux/files/home/INVERSIONES Atlántida/functions/node_modules/object.values'
100 silly reify ]
101 silly reify mark retired [
101 silly reify   '/data/data/com.termux/files/home/INVERSIONES Atlántida/functions/node_modules/own-keys'
101 silly reify ]
102 silly reify mark retired [
102 silly reify   '/data/data/com.termux/files/home/INVERSIONES Atlántida/functions/node_modules/path-parse'
102 silly reify ]
103 silly reify mark retired [
103 silly reify   '/data/data/com.termux/files/home/INVERSIONES Atlántida/functions/node_modules/path-type'
103 silly reify ]
104 silly reify mark retired [
104 silly reify   '/data/data/com.termux/files/home/INVERSIONES Atlántida/functions/node_modules/possible-typed-array-names'
104 silly reify ]
105 silly reify mark retired [
105 silly reify   '/data/data/com.termux/files/home/INVERSIONES Atlántida/functions/node_modules/reflect.getprototypeof'
105 silly reify ]
106 silly reify mark retired [
106 silly reify   '/data/data/com.termux/files/home/INVERSIONES Atlántida/functions/node_modules/regexp.prototype.flags'
106 silly reify ]
107 silly reify mark retired [
107 silly reify   '/data/data/com.termux/files/home/INVERSIONES Atlántida/functions/node_modules/resolve',
107 silly reify   '/data/data/com.termux/files/home/INVERSIONES Atlántida/functions/node_modules/.bin/resolve'
107 silly reify ]
108 silly reify mark retired [
108 silly reify   '/data/data/com.termux/files/home/INVERSIONES Atlántida/functions/node_modules/safe-array-concat'
108 silly reify ]
109 silly reify mark retired [
109 silly reify   '/data/data/com.termux/files/home/INVERSIONES Atlántida/functions/node_modules/safe-push-apply'
109 silly reify ]
110 silly reify mark retired [
110 silly reify   '/data/data/com.termux/files/home/INVERSIONES Atlántida/functions/node_modules/safe-regex-test'
110 silly reify ]
111 silly reify mark retired [
111 silly reify   '/data/data/com.termux/files/home/INVERSIONES Atlántida/functions/node_modules/set-function-length'
111 silly reify ]
112 silly reify mark retired [
112 silly reify   '/data/data/com.termux/files/home/INVERSIONES Atlántida/functions/node_modules/set-function-name'
112 silly reify ]
113 silly reify mark retired [
113 silly reify   '/data/data/com.termux/files/home/INVERSIONES Atlántida/functions/node_modules/set-proto'
113 silly reify ]
114 silly reify mark retired [
114 silly reify   '/data/data/com.termux/files/home/INVERSIONES Atlántida/functions/node_modules/stop-iteration-iterator'
114 silly reify ]
115 silly reify mark retired [
115 silly reify   '/data/data/com.termux/files/home/INVERSIONES Atlántida/functions/node_modules/string.prototype.trim'
115 silly reify ]
116 silly reify mark retired [
116 silly reify   '/data/data/com.termux/files/home/INVERSIONES Atlántida/functions/node_modules/string.prototype.trimend'
116 silly reify ]
117 silly reify mark retired [
117 silly reify   '/data/data/com.termux/files/home/INVERSIONES Atlántida/functions/node_modules/string.prototype.trimstart'
117 silly reify ]
118 silly reify mark retired [
118 silly reify   '/data/data/com.termux/files/home/INVERSIONES Atlántida/functions/node_modules/supports-preserve-symlinks-flag'
118 silly reify ]
119 silly reify mark retired [
119 silly reify   '/data/data/com.termux/files/home/INVERSIONES Atlántida/functions/node_modules/to-regex-range'
119 silly reify ]
120 silly reify mark retired [
120 silly reify   '/data/data/com.termux/files/home/INVERSIONES Atlántida/functions/node_modules/tsconfig-paths'
120 silly reify ]
121 silly reify mark retired [
121 silly reify   '/data/data/com.termux/files/home/INVERSIONES Atlántida/functions/node_modules/tsutils'
121 silly reify ]
122 silly reify mark retired [
122 silly reify   '/data/data/com.termux/files/home/INVERSIONES Atlántida/functions/node_modules/typed-array-buffer'
122 silly reify ]
123 silly reify mark retired [
123 silly reify   '/data/data/com.termux/files/home/INVERSIONES Atlántida/functions/node_modules/typed-array-byte-length'
123 silly reify ]
124 silly reify mark retired [
124 silly reify   '/data/data/com.termux/files/home/INVERSIONES Atlántida/functions/node_modules/typed-array-byte-offset'
124 silly reify ]
125 silly reify mark retired [
125 silly reify   '/data/data/com.termux/files/home/INVERSIONES Atlántida/functions/node_modules/typed-array-length'
125 silly reify ]
126 silly reify mark retired [
126 silly reify   '/data/data/com.termux/files/home/INVERSIONES Atlántida/functions/node_modules/typescript',
126 silly reify   '/data/data/com.termux/files/home/INVERSIONES Atlántida/functions/node_modules/.bin/tsc',
126 silly reify   '/data/data/com.termux/files/home/INVERSIONES Atlántida/functions/node_modules/.bin/tsserver'
126 silly reify ]
127 silly reify mark retired [
127 silly reify   '/data/data/com.termux/files/home/INVERSIONES Atlántida/functions/node_modules/unbox-primitive'
127 silly reify ]
128 silly reify mark retired [
128 silly reify   '/data/data/com.termux/files/home/INVERSIONES Atlántida/functions/node_modules/which-boxed-primitive'
128 silly reify ]
129 silly reify mark retired [
129 silly reify   '/data/data/com.termux/files/home/INVERSIONES Atlántida/functions/node_modules/which-builtin-type'
129 silly reify ]
130 silly reify mark retired [
130 silly reify   '/data/data/com.termux/files/home/INVERSIONES Atlántida/functions/node_modules/which-collection'
130 silly reify ]
131 silly reify mark retired [
131 silly reify   '/data/data/com.termux/files/home/INVERSIONES Atlántida/functions/node_modules/which-typed-array'
131 silly reify ]
132 silly reify moves {
132 silly reify   '/data/data/com.termux/files/home/INVERSIONES Atlántida/functions/node_modules/@rtsao/scc': '/data/data/com.termux/files/home/INVERSIONES Atlántida/functions/node_modules/@rtsao/.scc-1JujuD5A',
132 silly reify   '/data/data/com.termux/files/home/INVERSIONES Atlántida/functions/node_modules/@types/json-schema': '/data/data/com.termux/files/home/INVERSIONES Atlántida/functions/node_modules/@types/.json-schema-JBiwBuvo',
132 silly reify   '/data/data/com.termux/files/home/INVERSIONES Atlántida/functions/node_modules/@types/json5': '/data/data/com.termux/files/home/INVERSIONES Atlántida/functions/node_modules/@types/.json5-WxLbF3p9',
132 silly reify   '/data/data/com.termux/files/home/INVERSIONES Atlántida/functions/node_modules/@types/semver': '/data/data/com.termux/files/home/INVERSIONES Atlántida/functions/node_modules/@types/.semver-AZdRrB9x',
132 silly reify   '/data/data/com.termux/files/home/INVERSIONES Atlántida/functions/node_modules/@typescript-eslint/eslint-plugin': '/data/data/com.termux/files/home/INVERSIONES Atlántida/functions/node_modules/@typescript-eslint/.eslint-plugin-Mzj4Uvjd',
132 silly reify   '/data/data/com.termux/files/home/INVERSIONES Atlántida/functions/node_modules/@typescript-eslint/parser': '/data/data/com.termux/files/home/INVERSIONES Atlántida/functions/node_modules/@typescript-eslint/.parser-pwuzExJR',
132 silly reify   '/data/data/com.termux/files/home/INVERSIONES Atlántida/functions/node_modules/@typescript-eslint/scope-manager': '/data/data/com.termux/files/home/INVERSIONES Atlántida/functions/node_modules/@typescript-eslint/.scope-manager-LX67SUhT',
132 silly reify   '/data/data/com.termux/files/home/INVERSIONES Atlántida/functions/node_modules/@typescript-eslint/type-utils': '/data/data/com.termux/files/home/INVERSIONES Atlántida/functions/node_modules/@typescript-eslint/.type-utils-FYgoUvVP',
132 silly reify   '/data/data/com.termux/files/home/INVERSIONES Atlántida/functions/node_modules/@typescript-eslint/types': '/data/data/com.termux/files/home/INVERSIONES Atlántida/functions/node_modules/@typescript-eslint/.types-h5EiLGoE',
132 silly reify   '/data/data/com.termux/files/home/INVERSIONES Atlántida/functions/node_modules/@typescript-eslint/typescript-estree': '/data/data/com.termux/files/home/INVERSIONES Atlántida/functions/node_modules/@typescript-eslint/.typescript-estree-4Ga0s7OB',
132 silly reify   '/data/data/com.termux/files/home/INVERSIONES Atlántida/functions/node_modules/@typescript-eslint/utils': '/data/data/com.termux/files/home/INVERSIONES Atlántida/functions/node_modules/@typescript-eslint/.utils-4V51DXFV',
132 silly reify   '/data/data/com.termux/files/home/INVERSIONES Atlántida/functions/node_modules/@typescript-eslint/visitor-keys': '/data/data/com.termux/files/home/INVERSIONES Atlántida/functions/node_modules/@typescript-eslint/.visitor-keys-aTsGfRTU',
132 silly reify   '/data/data/com.termux/files/home/INVERSIONES Atlántida/functions/node_modules/array-buffer-byte-length': '/data/data/com.termux/files/home/INVERSIONES Atlántida/functions/node_modules/.array-buffer-byte-length-POYtE2xN',
132 silly reify   '/data/data/com.termux/files/home/INVERSIONES Atlántida/functions/node_modules/array-includes': '/data/data/com.termux/files/home/INVERSIONES Atlántida/functions/node_modules/.array-includes-nl1toGRi',
132 silly reify   '/data/data/com.termux/files/home/INVERSIONES Atlántida/functions/node_modules/array-union': '/data/data/com.termux/files/home/INVERSIONES Atlántida/functions/node_modules/.array-union-QsrQVhB5',
132 silly reify   '/data/data/com.termux/files/home/INVERSIONES Atlántida/functions/node_modules/array.prototype.findlastindex': '/data/data/com.termux/files/home/INVERSIONES Atlántida/functions/node_modules/.array.prototype.findlastindex-mf4gMesv',
132 silly reify   '/data/data/com.termux/files/home/INVERSIONES Atlántida/functions/node_modules/array.prototype.flat': '/data/data/com.termux/files/home/INVERSIONES Atlántida/functions/node_modules/.array.prototype.flat-MqMdV3iJ',
132 silly reify   '/data/data/com.termux/files/home/INVERSIONES Atlántida/functions/node_modules/array.prototype.flatmap': '/data/data/com.termux/files/home/INVERSIONES Atlántida/functions/node_modules/.array.prototype.flatmap-TxZIs1qH',
132 silly reify   '/data/data/com.termux/files/home/INVERSIONES Atlántida/functions/node_modules/arraybuffer.prototype.slice': '/data/data/com.termux/files/home/INVERSIONES Atlántida/functions/node_modules/.arraybuffer.prototype.slice-XoIVmief',
132 silly reify   '/data/data/com.termux/files/home/INVERSIONES Atlántida/functions/node_modules/async-function': '/data/data/com.termux/files/home/INVERSIONES Atlántida/functions/node_modules/.async-function-57PK8eRh',
132 silly reify   '/data/data/com.termux/files/home/INVERSIONES Atlántida/functions/node_modules/available-typed-arrays': '/data/data/com.termux/files/home/INVERSIONES Atlántida/functions/node_modules/.available-typed-arrays-Jo5yFkj7',
132 silly reify   '/data/data/com.termux/files/home/INVERSIONES Atlántida/functions/node_modules/braces': '/data/data/com.termux/files/home/INVERSIONES Atlántida/functions/node_modules/.braces-DWBNgq1G',
132 silly reify   '/data/data/com.termux/files/home/INVERSIONES Atlántida/functions/node_modules/call-bind': '/data/data/com.termux/files/home/INVERSIONES Atlántida/functions/node_modules/.call-bind-bBEvFdaq',
132 silly reify   '/data/data/com.termux/files/home/INVERSIONES Atlántida/functions/node_modules/data-view-buffer': '/data/data/com.termux/files/home/INVERSIONES Atlántida/functions/node_modules/.data-view-buffer-WWQYUEtP',
132 silly reify   '/data/data/com.termux/files/home/INVERSIONES Atlántida/functions/node_modules/data-view-byte-length': '/data/data/com.termux/files/home/INVERSIONES Atlántida/functions/node_modules/.data-view-byte-length-Oh0ZMttB',
132 silly reify   '/data/data/com.termux/files/home/INVERSIONES Atlántida/functions/node_modules/data-view-byte-offset': '/data/data/com.termux/files/home/INVERSIONES Atlántida/functions/node_modules/.data-view-byte-offset-MFBPf7ad',
132 silly reify   '/data/data/com.termux/files/home/INVERSIONES Atlántida/functions/node_modules/define-data-property': '/data/data/com.termux/files/home/INVERSIONES Atlántida/functions/node_modules/.define-data-property-PJT2eevo',
132 silly reify   '/data/data/com.termux/files/home/INVERSIONES Atlántida/functions/node_modules/define-properties': '/data/data/com.termux/files/home/INVERSIONES Atlántida/functions/node_modules/.define-properties-MFcAbvDv',
132 silly reify   '/data/data/com.termux/files/home/INVERSIONES Atlántida/functions/node_modules/dir-glob': '/data/data/com.termux/files/home/INVERSIONES Atlántida/functions/node_modules/.dir-glob-zaKOGiF4',
132 silly reify   '/data/data/com.termux/files/home/INVERSIONES Atlántida/functions/node_modules/es-abstract': '/data/data/com.termux/files/home/INVERSIONES Atlántida/functions/node_modules/.es-abstract-i1qSxo6J',
132 silly reify   '/data/data/com.termux/files/home/INVERSIONES Atlántida/functions/node_modules/es-shim-unscopables': '/data/data/com.termux/files/home/INVERSIONES Atlántida/functions/node_modules/.es-shim-unscopables-6wxI8ufr',
132 silly reify   '/data/data/com.termux/files/home/INVERSIONES Atlántida/functions/node_modules/es-to-primitive': '/data/data/com.termux/files/home/INVERSIONES Atlántida/functions/node_modules/.es-to-primitive-51LunI6U',
132 silly reify   '/data/data/com.termux/files/home/INVERSIONES Atlántida/functions/node_modules/eslint-import-resolver-node': '/data/data/com.termux/files/home/INVERSIONES Atlántida/functions/node_modules/.eslint-import-resolver-node-bNnFucrG',
132 silly reify   '/data/data/com.termux/files/home/INVERSIONES Atlántida/functions/node_modules/eslint-module-utils': '/data/data/com.termux/files/home/INVERSIONES Atlántida/functions/node_modules/.eslint-module-utils-9kWy7SBS',
132 silly reify   '/data/data/com.termux/files/home/INVERSIONES Atlántida/functions/node_modules/eslint-plugin-import': '/data/data/com.termux/files/home/INVERSIONES Atlántida/functions/node_modules/.eslint-plugin-import-WsoOQf6L',
132 silly reify   '/data/data/com.termux/files/home/INVERSIONES Atlántida/functions/node_modules/eslint-scope': '/data/data/com.termux/files/home/INVERSIONES Atlántida/functions/node_modules/.eslint-scope-GRVdaCAc',
132 silly reify   '/data/data/com.termux/files/home/INVERSIONES Atlántida/functions/node_modules/estraverse': '/data/data/com.termux/files/home/INVERSIONES Atlántida/functions/node_modules/.estraverse-F5wzFihc',
132 silly reify   '/data/data/com.termux/files/home/INVERSIONES Atlántida/functions/node_modules/fast-glob': '/data/data/com.termux/files/home/INVERSIONES Atlántida/functions/node_modules/.fast-glob-tOKzxj05',
132 silly reify   '/data/data/com.termux/files/home/INVERSIONES Atlántida/functions/node_modules/fill-range': '/data/data/com.termux/files/home/INVERSIONES Atlántida/functions/node_modules/.fill-range-osqWV2se',
132 silly reify   '/data/data/com.termux/files/home/INVERSIONES Atlántida/functions/node_modules/for-each': '/data/data/com.termux/files/home/INVERSIONES Atlántida/functions/node_modules/.for-each-wkrhHEwR',
132 silly reify   '/data/data/com.termux/files/home/INVERSIONES Atlántida/functions/node_modules/function.prototype.name': '/data/data/com.termux/files/home/INVERSIONES Atlántida/functions/node_modules/.function.prototype.name-3H8nvNjJ',
132 silly reify   '/data/data/com.termux/files/home/INVERSIONES Atlántida/functions/node_modules/functions-have-names': '/data/data/com.termux/files/home/INVERSIONES Atlántida/functions/node_modules/.functions-have-names-2dveQVvm',
132 silly reify   '/data/data/com.termux/files/home/INVERSIONES Atlántida/functions/node_modules/generator-function': '/data/data/com.termux/files/home/INVERSIONES Atlántida/functions/node_modules/.generator-function-CD3VnDGL',
132 silly reify   '/data/data/com.termux/files/home/INVERSIONES Atlántida/functions/node_modules/get-symbol-description': '/data/data/com.termux/files/home/INVERSIONES Atlántida/functions/node_modules/.get-symbol-description-K0113eZj',
132 silly reify   '/data/data/com.termux/files/home/INVERSIONES Atlántida/functions/node_modules/globalthis': '/data/data/com.termux/files/home/INVERSIONES Atlántida/functions/node_modules/.globalthis-mUvGWlSV',
132 silly reify   '/data/data/com.termux/files/home/INVERSIONES Atlántida/functions/node_modules/globby': '/data/data/com.termux/files/home/INVERSIONES Atlántida/functions/node_modules/.globby-VvngmL23',
132 silly reify   '/data/data/com.termux/files/home/INVERSIONES Atlántida/functions/node_modules/has-bigints': '/data/data/com.termux/files/home/INVERSIONES Atlántida/functions/node_modules/.has-bigints-CT8XiTJE',
132 silly reify   '/data/data/com.termux/files/home/INVERSIONES Atlántida/functions/node_modules/has-property-descriptors': '/data/data/com.termux/files/home/INVERSIONES Atlántida/functions/node_modules/.has-property-descriptors-uCZfnITM',
132 silly reify   '/data/data/com.termux/files/home/INVERSIONES Atlántida/functions/node_modules/has-proto': '/data/data/com.termux/files/home/INVERSIONES Atlántida/functions/node_modules/.has-proto-wfhLyvhS',
132 silly reify   '/data/data/com.termux/files/home/INVERSIONES Atlántida/functions/node_modules/internal-slot': '/data/data/com.termux/files/home/INVERSIONES Atlántida/functions/node_modules/.internal-slot-7RxvL5tK',
132 silly reify   '/data/data/com.termux/files/home/INVERSIONES Atlántida/functions/node_modules/is-array-buffer': '/data/data/com.termux/files/home/INVERSIONES Atlántida/functions/node_modules/.is-array-buffer-xfnhBy6q',
132 silly reify   '/data/data/com.termux/files/home/INVERSIONES Atlántida/functions/node_modules/is-async-function': '/data/data/com.termux/files/home/INVERSIONES Atlántida/functions/node_modules/.is-async-function-QAioJvq6',
132 silly reify   '/data/data/com.termux/files/home/INVERSIONES Atlántida/functions/node_modules/is-bigint': '/data/data/com.termux/files/home/INVERSIONES Atlántida/functions/node_modules/.is-bigint-qucfF0Cx',
132 silly reify   '/data/data/com.termux/files/home/INVERSIONES Atlántida/functions/node_modules/is-boolean-object': '/data/data/com.termux/files/home/INVERSIONES Atlántida/functions/node_modules/.is-boolean-object-77Bzioi9',
132 silly reify   '/data/data/com.termux/files/home/INVERSIONES Atlántida/functions/node_modules/is-callable': '/data/data/com.termux/files/home/INVERSIONES Atlántida/functions/node_modules/.is-callable-CgPv8M8a',
132 silly reify   '/data/data/com.termux/files/home/INVERSIONES Atlántida/functions/node_modules/is-core-module': '/data/data/com.termux/files/home/INVERSIONES Atlántida/functions/node_modules/.is-core-module-Y4KeSbDk',
132 silly reify   '/data/data/com.termux/files/home/INVERSIONES Atlántida/functions/node_modules/is-data-view': '/data/data/com.termux/files/home/INVERSIONES Atlántida/functions/node_modules/.is-data-view-AGLbHTcy',
132 silly reify   '/data/data/com.termux/files/home/INVERSIONES Atlántida/functions/node_modules/is-date-object': '/data/data/com.termux/files/home/INVERSIONES Atlántida/functions/node_modules/.is-date-object-3FdoNw1o',
132 silly reify   '/data/data/com.termux/files/home/INVERSIONES Atlántida/functions/node_modules/is-finalizationregistry': '/data/data/com.termux/files/home/INVERSIONES Atlántida/functions/node_modules/.is-finalizationregistry-TbsGRy8P',
132 silly reify   '/data/data/com.termux/files/home/INVERSIONES Atlántida/functions/node_modules/is-generator-function': '/data/data/com.termux/files/home/INVERSIONES Atlántida/functions/node_modules/.is-generator-function-tOurLVaF',
132 silly reify   '/data/data/com.termux/files/home/INVERSIONES Atlántida/functions/node_modules/is-map': '/data/data/com.termux/files/home/INVERSIONES Atlántida/functions/node_modules/.is-map-uIK9BivB',
132 silly reify   '/data/data/com.termux/files/home/INVERSIONES Atlántida/functions/node_modules/is-negative-zero': '/data/data/com.termux/files/home/INVERSIONES Atlántida/functions/node_modules/.is-negative-zero-JGL0IHIU',
132 silly reify   '/data/data/com.termux/files/home/INVERSIONES Atlántida/functions/node_modules/is-number': '/data/data/com.termux/files/home/INVERSIONES Atlántida/functions/node_modules/.is-number-3ASiWcCT',
132 silly reify   '/data/data/com.termux/files/home/INVERSIONES Atlántida/functions/node_modules/is-number-object': '/data/data/com.termux/files/home/INVERSIONES Atlántida/functions/node_modules/.is-number-object-vHtP8pAb',
132 silly reify   '/data/data/com.termux/files/home/INVERSIONES Atlántida/functions/node_modules/is-regex': '/data/data/com.termux/files/home/INVERSIONES Atlántida/functions/node_modules/.is-regex-9rAR5LPx',
132 silly reify   '/data/data/com.termux/files/home/INVERSIONES Atlántida/functions/node_modules/is-set': '/data/data/com.termux/files/home/INVERSIONES Atlántida/functions/node_modules/.is-set-yOzuw9AX',
132 silly reify   '/data/data/com.termux/files/home/INVERSIONES Atlántida/functions/node_modules/is-shared-array-buffer': '/data/data/com.termux/files/home/INVERSIONES Atlántida/functions/node_modules/.is-shared-array-buffer-nDT3EbVn',
132 silly reify   '/data/data/com.termux/files/home/INVERSIONES Atlántida/functions/node_modules/is-string': '/data/data/com.termux/files/home/INVERSIONES Atlántida/functions/node_modules/.is-string-NzHUqPZZ',
132 silly reify   '/data/data/com.termux/files/home/INVERSIONES Atlántida/functions/node_modules/is-symbol': '/data/data/com.termux/files/home/INVERSIONES Atlántida/functions/node_modules/.is-symbol-WSe0gWrT',
132 silly reify   '/data/data/com.termux/files/home/INVERSIONES Atlántida/functions/node_modules/is-typed-array': '/data/data/com.termux/files/home/INVERSIONES Atlántida/functions/node_modules/.is-typed-array-0uiT51F9',
132 silly reify   '/data/data/com.termux/files/home/INVERSIONES Atlántida/functions/node_modules/is-weakmap': '/data/data/com.termux/files/home/INVERSIONES Atlántida/functions/node_modules/.is-weakmap-MeOUdtRj',
132 silly reify   '/data/data/com.termux/files/home/INVERSIONES Atlántida/functions/node_modules/is-weakref': '/data/data/com.termux/files/home/INVERSIONES Atlántida/functions/node_modules/.is-weakref-jKHqYCkB',
132 silly reify   '/data/data/com.termux/files/home/INVERSIONES Atlántida/functions/node_modules/is-weakset': '/data/data/com.termux/files/home/INVERSIONES Atlántida/functions/node_modules/.is-weakset-3EB6HNhL',
132 silly reify   '/data/data/com.termux/files/home/INVERSIONES Atlántida/functions/node_modules/isarray': '/data/data/com.termux/files/home/INVERSIONES Atlántida/functions/node_modules/.isarray-qXoHRe3h',
132 silly reify   '/data/data/com.termux/files/home/INVERSIONES Atlántida/functions/node_modules/merge2': '/data/data/com.termux/files/home/INVERSIONES Atlántida/functions/node_modules/.merge2-VbTOIADY',
132 silly reify   '/data/data/com.termux/files/home/INVERSIONES Atlántida/functions/node_modules/micromatch': '/data/data/com.termux/files/home/INVERSIONES Atlántida/functions/node_modules/.micromatch-cgsVNmYQ',
132 silly reify   '/data/data/com.termux/files/home/INVERSIONES Atlántida/functions/node_modules/minimist': '/data/data/com.termux/files/home/INVERSIONES Atlántida/functions/node_modules/.minimist-7HRcrLe1',
132 silly reify   '/data/data/com.termux/files/home/INVERSIONES Atlántida/functions/node_modules/natural-compare-lite': '/data/data/com.termux/files/home/INVERSIONES Atlántida/functions/node_modules/.natural-compare-lite-QQJYuqVg',
132 silly reify   '/data/data/com.termux/files/home/INVERSIONES Atlántida/functions/node_modules/node-exports-info': '/data/data/com.termux/files/home/INVERSIONES Atlántida/functions/node_modules/.node-exports-info-F5hWboli',
132 silly reify   '/data/data/com.termux/files/home/INVERSIONES Atlántida/functions/node_modules/object-keys': '/data/data/com.termux/files/home/INVERSIONES Atlántida/functions/node_modules/.object-keys-eM5rmHAC',
132 silly reify   '/data/data/com.termux/files/home/INVERSIONES Atlántida/functions/node_modules/object.assign': '/data/data/com.termux/files/home/INVERSIONES Atlántida/functions/node_modules/.object.assign-24ZMHLYf',
132 silly reify   '/data/data/com.termux/files/home/INVERSIONES Atlántida/functions/node_modules/object.entries': '/data/data/com.termux/files/home/INVERSIONES Atlántida/functions/node_modules/.object.entries-vcWBXGD8',
132 silly reify   '/data/data/com.termux/files/home/INVERSIONES Atlántida/functions/node_modules/object.fromentries': '/data/data/com.termux/files/home/INVERSIONES Atlántida/functions/node_modules/.object.fromentries-807F2Xyj',
132 silly reify   '/data/data/com.termux/files/home/INVERSIONES Atlántida/functions/node_modules/object.groupby': '/data/data/com.termux/files/home/INVERSIONES Atlántida/functions/node_modules/.object.groupby-wZ8293Ft',
132 silly reify   '/data/data/com.termux/files/home/INVERSIONES Atlántida/functions/node_modules/object.values': '/data/data/com.termux/files/home/INVERSIONES Atlántida/functions/node_modules/.object.values-wWRCqkJO',
132 silly reify   '/data/data/com.termux/files/home/INVERSIONES Atlántida/functions/node_modules/own-keys': '/data/data/com.termux/files/home/INVERSIONES Atlántida/functions/node_modules/.own-keys-2JV4XrC4',
132 silly reify   '/data/data/com.termux/files/home/INVERSIONES Atlántida/functions/node_modules/path-parse': '/data/data/com.termux/files/home/INVERSIONES Atlántida/functions/node_modules/.path-parse-smX8WmLH',
132 silly reify   '/data/data/com.termux/files/home/INVERSIONES Atlántida/functions/node_modules/path-type': '/data/data/com.termux/files/home/INVERSIONES Atlántida/functions/node_modules/.path-type-MaRM9zpL',
132 silly reify   '/data/data/com.termux/files/home/INVERSIONES Atlántida/functions/node_modules/possible-typed-array-names': '/data/data/com.termux/files/home/INVERSIONES Atlántida/functions/node_modules/.possible-typed-array-names-WyUPebwt',
132 silly reify   '/data/data/com.termux/files/home/INVERSIONES Atlántida/functions/node_modules/reflect.getprototypeof': '/data/data/com.termux/files/home/INVERSIONES Atlántida/functions/node_modules/.reflect.getprototypeof-5LDLgq8J',
132 silly reify   '/data/data/com.termux/files/home/INVERSIONES Atlántida/functions/node_modules/regexp.prototype.flags': '/data/data/com.termux/files/home/INVERSIONES Atlántida/functions/node_modules/.regexp.prototype.flags-WzYMmozl',
132 silly reify   '/data/data/com.termux/files/home/INVERSIONES Atlántida/functions/node_modules/resolve': '/data/data/com.termux/files/home/INVERSIONES Atlántida/functions/node_modules/.resolve-cC160htc',
132 silly reify   '/data/data/com.termux/files/home/INVERSIONES Atlántida/functions/node_modules/.bin/resolve': '/data/data/com.termux/files/home/INVERSIONES Atlántida/functions/node_modules/.bin/.resolve-qZM4UZh0',
132 silly reify   '/data/data/com.termux/files/home/INVERSIONES Atlántida/functions/node_modules/safe-array-concat': '/data/data/com.termux/files/home/INVERSIONES Atlántida/functions/node_modules/.safe-array-concat-FCbwblzb',
132 silly reify   '/data/data/com.termux/files/home/INVERSIONES Atlántida/functions/node_modules/safe-push-apply': '/data/data/com.termux/files/home/INVERSIONES Atlántida/functions/node_modules/.safe-push-apply-vBddwO0b',
132 silly reify   '/data/data/com.termux/files/home/INVERSIONES Atlántida/functions/node_modules/safe-regex-test': '/data/data/com.termux/files/home/INVERSIONES Atlántida/functions/node_modules/.safe-regex-test-pph0nBy0',
132 silly reify   '/data/data/com.termux/files/home/INVERSIONES Atlántida/functions/node_modules/set-function-length': '/data/data/com.termux/files/home/INVERSIONES Atlántida/functions/node_modules/.set-function-length-YcBDwg7w',
132 silly reify   '/data/data/com.termux/files/home/INVERSIONES Atlántida/functions/node_modules/set-function-name': '/data/data/com.termux/files/home/INVERSIONES Atlántida/functions/node_modules/.set-function-name-LLGZ9RwU',
132 silly reify   '/data/data/com.termux/files/home/INVERSIONES Atlántida/functions/node_modules/set-proto': '/data/data/com.termux/files/home/INVERSIONES Atlántida/functions/node_modules/.set-proto-ahXjpLPA',
132 silly reify   '/data/data/com.termux/files/home/INVERSIONES Atlántida/functions/node_modules/stop-iteration-iterator': '/data/data/com.termux/files/home/INVERSIONES Atlántida/functions/node_modules/.stop-iteration-iterator-gOHFblfr',
132 silly reify   '/data/data/com.termux/files/home/INVERSIONES Atlántida/functions/node_modules/string.prototype.trim': '/data/data/com.termux/files/home/INVERSIONES Atlántida/functions/node_modules/.string.prototype.trim-dS0T1sZt',
132 silly reify   '/data/data/com.termux/files/home/INVERSIONES Atlántida/functions/node_modules/string.prototype.trimend': '/data/data/com.termux/files/home/INVERSIONES Atlántida/functions/node_modules/.string.prototype.trimend-yB81wGDZ',
132 silly reify   '/data/data/com.termux/files/home/INVERSIONES Atlántida/functions/node_modules/string.prototype.trimstart': '/data/data/com.termux/files/home/INVERSIONES Atlántida/functions/node_modules/.string.prototype.trimstart-85M4rSUB',
132 silly reify   '/data/data/com.termux/files/home/INVERSIONES Atlántida/functions/node_modules/supports-preserve-symlinks-flag': '/data/data/com.termux/files/home/INVERSIONES Atlántida/functions/node_modules/.supports-preserve-symlinks-flag-2XS8zBWF',
132 silly reify   '/data/data/com.termux/files/home/INVERSIONES Atlántida/functions/node_modules/to-regex-range': '/data/data/com.termux/files/home/INVERSIONES Atlántida/functions/node_modules/.to-regex-range-EQtdcKO8',
132 silly reify   '/data/data/com.termux/files/home/INVERSIONES Atlántida/functions/node_modules/tsconfig-paths': '/data/data/com.termux/files/home/INVERSIONES Atlántida/functions/node_modules/.tsconfig-paths-vMUFVfvi',
132 silly reify   '/data/data/com.termux/files/home/INVERSIONES Atlántida/functions/node_modules/tsutils': '/data/data/com.termux/files/home/INVERSIONES Atlántida/functions/node_modules/.tsutils-gXjKpIyg',
132 silly reify   '/data/data/com.termux/files/home/INVERSIONES Atlántida/functions/node_modules/typed-array-buffer': '/data/data/com.termux/files/home/INVERSIONES Atlántida/functions/node_modules/.typed-array-buffer-ieWQFlMA',
132 silly reify   '/data/data/com.termux/files/home/INVERSIONES Atlántida/functions/node_modules/typed-array-byte-length': '/data/data/com.termux/files/home/INVERSIONES Atlántida/functions/node_modules/.typed-array-byte-length-USjHx7ze',
132 silly reify   '/data/data/com.termux/files/home/INVERSIONES Atlántida/functions/node_modules/typed-array-byte-offset': '/data/data/com.termux/files/home/INVERSIONES Atlántida/functions/node_modules/.typed-array-byte-offset-b5MIQRGX',
132 silly reify   '/data/data/com.termux/files/home/INVERSIONES Atlántida/functions/node_modules/typed-array-length': '/data/data/com.termux/files/home/INVERSIONES Atlántida/functions/node_modules/.typed-array-length-fLghCD6N',
132 silly reify   '/data/data/com.termux/files/home/INVERSIONES Atlántida/functions/node_modules/typescript': '/data/data/com.termux/files/home/INVERSIONES Atlántida/functions/node_modules/.typescript-6CXG186p',
132 silly reify   '/data/data/com.termux/files/home/INVERSIONES Atlántida/functions/node_modules/.bin/tsc': '/data/data/com.termux/files/home/INVERSIONES Atlántida/functions/node_modules/.bin/.tsc-D62escI4',
132 silly reify   '/data/data/com.termux/files/home/INVERSIONES Atlántida/functions/node_modules/.bin/tsserver': '/data/data/com.termux/files/home/INVERSIONES Atlántida/functions/node_modules/.bin/.tsserver-A9lJJpZE',
132 silly reify   '/data/data/com.termux/files/home/INVERSIONES Atlántida/functions/node_modules/unbox-primitive': '/data/data/com.termux/files/home/INVERSIONES Atlántida/functions/node_modules/.unbox-primitive-dGhQmHs6',
132 silly reify   '/data/data/com.termux/files/home/INVERSIONES Atlántida/functions/node_modules/which-boxed-primitive': '/data/data/com.termux/files/home/INVERSIONES Atlántida/functions/node_modules/.which-boxed-primitive-f6tjVOG9',
132 silly reify   '/data/data/com.termux/files/home/INVERSIONES Atlántida/functions/node_modules/which-builtin-type': '/data/data/com.termux/files/home/INVERSIONES Atlántida/functions/node_modules/.which-builtin-type-1lhPkwGZ',
132 silly reify   '/data/data/com.termux/files/home/INVERSIONES Atlántida/functions/node_modules/which-collection': '/data/data/com.termux/files/home/INVERSIONES Atlántida/functions/node_modules/.which-collection-8WLffnbU',
132 silly reify   '/data/data/com.termux/files/home/INVERSIONES Atlántida/functions/node_modules/which-typed-array': '/data/data/com.termux/files/home/INVERSIONES Atlántida/functions/node_modules/.which-typed-array-ZrUZd95Q'
132 silly reify }
133 silly audit bulk request {
133 silly audit   '@babel/code-frame': [ '7.29.0' ],
133 silly audit   '@babel/compat-data': [ '7.29.0' ],
133 silly audit   '@babel/core': [ '7.29.0' ],
133 silly audit   semver: [ '6.3.1', '7.7.4' ],
133 silly audit   '@babel/generator': [ '7.29.1' ],
133 silly audit   '@babel/helper-compilation-targets': [ '7.28.6' ],
133 silly audit   '@babel/helper-globals': [ '7.28.0' ],
133 silly audit   '@babel/helper-module-imports': [ '7.28.6' ],
133 silly audit   '@babel/helper-module-transforms': [ '7.28.6' ],
133 silly audit   '@babel/helper-plugin-utils': [ '7.28.6' ],
133 silly audit   '@babel/helper-string-parser': [ '7.27.1' ],
133 silly audit   '@babel/helper-validator-identifier': [ '7.28.5' ],
133 silly audit   '@babel/helper-validator-option': [ '7.27.1' ],
133 silly audit   '@babel/helpers': [ '7.29.2' ],
133 silly audit   '@babel/parser': [ '7.29.2' ],
133 silly audit   '@babel/plugin-syntax-async-generators': [ '7.8.4' ],
133 silly audit   '@babel/plugin-syntax-bigint': [ '7.8.3' ],
133 silly audit   '@babel/plugin-syntax-class-properties': [ '7.12.13' ],
133 silly audit   '@babel/plugin-syntax-class-static-block': [ '7.14.5' ],
133 silly audit   '@babel/plugin-syntax-import-attributes': [ '7.28.6' ],
133 silly audit   '@babel/plugin-syntax-import-meta': [ '7.10.4' ],
133 silly audit   '@babel/plugin-syntax-json-strings': [ '7.8.3' ],
133 silly audit   '@babel/plugin-syntax-jsx': [ '7.28.6' ],
133 silly audit   '@babel/plugin-syntax-logical-assignment-operators': [ '7.10.4' ],
133 silly audit   '@babel/plugin-syntax-nullish-coalescing-operator': [ '7.8.3' ],
133 silly audit   '@babel/plugin-syntax-numeric-separator': [ '7.10.4' ],
133 silly audit   '@babel/plugin-syntax-object-rest-spread': [ '7.8.3' ],
133 silly audit   '@babel/plugin-syntax-optional-catch-binding': [ '7.8.3' ],
133 silly audit   '@babel/plugin-syntax-optional-chaining': [ '7.8.3' ],
133 silly audit   '@babel/plugin-syntax-private-property-in-object': [ '7.14.5' ],
133 silly audit   '@babel/plugin-syntax-top-level-await': [ '7.14.5' ],
133 silly audit   '@babel/plugin-syntax-typescript': [ '7.28.6' ],
133 silly audit   '@babel/template': [ '7.28.6' ],
133 silly audit   '@babel/traverse': [ '7.29.0' ],
133 silly audit   '@babel/types': [ '7.29.0' ],
133 silly audit   '@bcoe/v8-coverage': [ '0.2.3' ],
133 silly audit   '@emnapi/core': [ '1.10.0' ],
133 silly audit   '@emnapi/runtime': [ '1.10.0' ],
133 silly audit   '@emnapi/wasi-threads': [ '1.2.1' ],
133 silly audit   '@eslint-community/eslint-utils': [ '4.9.1' ],
133 silly audit   '@eslint-community/regexpp': [ '4.12.2' ],
133 silly audit   '@eslint/eslintrc': [ '2.1.4' ],
133 silly audit   '@eslint/js': [ '8.57.1' ],
133 silly audit   '@fastify/busboy': [ '3.2.0' ],
133 silly audit   '@firebase/app-check-interop-types': [ '0.3.3' ],
133 silly audit   '@firebase/app-types': [ '0.9.4' ],
133 silly audit   '@firebase/auth-interop-types': [ '0.2.4' ],
133 silly audit   '@firebase/component': [ '0.7.2' ],
133 silly audit   '@firebase/database': [ '1.1.2' ],
133 silly audit   '@firebase/database-compat': [ '2.1.3' ],
133 silly audit   '@firebase/database-types': [ '1.0.19' ],
133 silly audit   '@firebase/logger': [ '0.5.0' ],
133 silly audit   '@firebase/util': [ '1.15.0' ],
133 silly audit   '@google-cloud/firestore': [ '7.11.6' ],
133 silly audit   '@google-cloud/paginator': [ '5.0.2' ],
133 silly audit   '@google-cloud/projectify': [ '4.0.0' ],
133 silly audit   '@google-cloud/promisify': [ '4.0.0' ],
133 silly audit   '@google-cloud/storage': [ '7.19.0' ],
133 silly audit   'gcp-metadata': [ '6.1.1', '8.1.2' ],
133 silly audit   'google-auth-library': [ '9.15.1', '10.6.2' ],
133 silly audit   'google-logging-utils': [ '0.0.2', '1.1.3' ],
133 silly audit   uuid: [ '8.3.2', '9.0.1', '11.1.0' ],
133 silly audit   '@grpc/grpc-js': [ '1.14.3' ],
133 silly audit   '@grpc/proto-loader': [ '0.8.0', '0.7.15' ],
133 silly audit   '@humanwhocodes/config-array': [ '0.13.0' ],
133 silly audit   '@humanwhocodes/module-importer': [ '1.0.1' ],
133 silly audit   '@humanwhocodes/object-schema': [ '2.0.3' ],
133 silly audit   '@isaacs/cliui': [ '8.0.2' ],
133 silly audit   'ansi-regex': [ '6.2.2', '5.0.1' ],
133 silly audit   'strip-ansi': [ '7.2.0', '6.0.1' ],
133 silly audit   '@istanbuljs/load-nyc-config': [ '1.1.0' ],
133 silly audit   argparse: [ '1.0.10', '2.0.1' ],
133 silly audit   'find-up': [ '4.1.0', '5.0.0' ],
133 silly audit   'js-yaml': [ '3.14.2', '4.1.1' ],
133 silly audit   'locate-path': [ '5.0.0', '6.0.0' ],
133 silly audit   'p-limit': [ '2.3.0', '3.1.0' ],
133 silly audit   'p-locate': [ '4.1.0', '5.0.0' ],
133 silly audit   'resolve-from': [ '5.0.0', '4.0.0' ],
133 silly audit   '@istanbuljs/schema': [ '0.1.6' ],
133 silly audit   '@jest/console': [ '30.3.0' ],
133 silly audit   '@jest/core': [ '30.3.0' ],
133 silly audit   '@jest/diff-sequences': [ '30.3.0' ],
133 silly audit   '@jest/environment': [ '30.3.0' ],
133 silly audit   '@jest/expect': [ '30.3.0' ],
133 silly audit   '@jest/expect-utils': [ '30.3.0' ],
133 silly audit   '@jest/fake-timers': [ '30.3.0' ],
133 silly audit   '@jest/get-type': [ '30.1.0' ],
133 silly audit   '@jest/globals': [ '30.3.0' ],
133 silly audit   '@jest/pattern': [ '30.0.1' ],
133 silly audit   '@jest/reporters': [ '30.3.0' ],
133 silly audit   '@jest/schemas': [ '30.0.5' ],
133 silly audit   '@jest/snapshot-utils': [ '30.3.0' ],
133 silly audit   '@jest/source-map': [ '30.0.1' ],
133 silly audit   '@jest/test-result': [ '30.3.0' ],
133 silly audit   '@jest/test-sequencer': [ '30.3.0' ],
133 silly audit   '@jest/transform': [ '30.3.0' ],
133 silly audit   '@jest/types': [ '30.3.0' ],
133 silly audit   '@jridgewell/gen-mapping': [ '0.3.13' ],
133 silly audit   '@jridgewell/remapping': [ '2.3.5' ],
133 silly audit   '@jridgewell/resolve-uri': [ '3.1.2' ],
133 silly audit   '@jridgewell/sourcemap-codec': [ '1.5.5' ],
133 silly audit   '@jridgewell/trace-mapping': [ '0.3.31' ],
133 silly audit   '@js-sdsl/ordered-map': [ '4.4.2' ],
133 silly audit   '@napi-rs/wasm-runtime': [ '0.2.12' ],
133 silly audit   '@nodable/entities': [ '2.1.0' ],
133 silly audit   '@nodelib/fs.scandir': [ '2.1.5' ],
133 silly audit   '@nodelib/fs.stat': [ '2.0.5' ],
133 silly audit   '@nodelib/fs.walk': [ '1.2.8' ],
133 silly audit   '@opentelemetry/api': [ '1.9.1' ],
133 silly audit   '@pkgjs/parseargs': [ '0.11.0' ],
133 silly audit   '@pkgr/core': [ '0.2.9' ],
133 silly audit   '@protobufjs/aspromise': [ '1.1.2' ],
133 silly audit   '@protobufjs/base64': [ '1.1.2' ],
133 silly audit   '@protobufjs/codegen': [ '2.0.4' ],
133 silly audit   '@protobufjs/eventemitter': [ '1.1.0' ],
133 silly audit   '@protobufjs/fetch': [ '1.1.0' ],
133 silly audit   '@protobufjs/float': [ '1.0.2' ],
133 silly audit   '@protobufjs/inquire': [ '1.1.0' ],
133 silly audit   '@protobufjs/path': [ '1.1.2' ],
133 silly audit   '@protobufjs/pool': [ '1.1.0' ],
133 silly audit   '@protobufjs/utf8': [ '1.1.0' ],
133 silly audit   '@sinclair/typebox': [ '0.34.49' ],
133 silly audit   '@sinonjs/commons': [ '3.0.1' ],
133 silly audit   '@sinonjs/fake-timers': [ '15.3.2' ],
133 silly audit   '@tootallnate/once': [ '2.0.0' ],
133 silly audit   '@tybys/wasm-util': [ '0.10.1' ],
133 silly audit   '@types/babel__core': [ '7.20.5' ],
133 silly audit   '@types/babel__generator': [ '7.27.0' ],
133 silly audit   '@types/babel__template': [ '7.4.4' ],
133 silly audit   '@types/babel__traverse': [ '7.28.0' ],
133 silly audit   '@types/body-parser': [ '1.19.6' ],
133 silly audit   '@types/caseless': [ '0.12.5' ],
133 silly audit   '@types/connect': [ '3.4.38' ],
133 silly audit   '@types/cors': [ '2.8.19' ],
133 silly audit   '@types/express': [ '4.17.25' ],
133 silly audit   '@types/express-serve-static-core': [ '4.19.8' ],
133 silly audit   '@types/http-errors': [ '2.0.5' ],
133 silly audit   '@types/istanbul-lib-coverage': [ '2.0.6' ],
133 silly audit   '@types/istanbul-lib-report': [ '3.0.3' ],
133 silly audit   '@types/istanbul-reports': [ '3.0.4' ],
133 silly audit   '@types/jsonwebtoken': [ '9.0.10' ],
133 silly audit   '@types/lodash': [ '4.17.24' ],
133 silly audit   '@types/long': [ '4.0.2' ],
133 silly audit   '@types/mime': [ '1.3.5' ],
133 silly audit   '@types/ms': [ '2.1.0' ],
133 silly audit   '@types/node': [ '25.6.0' ],
133 silly audit   '@types/qs': [ '6.15.0' ],
133 silly audit   '@types/range-parser': [ '1.2.7' ],
133 silly audit   '@types/request': [ '2.48.13' ],
133 silly audit   '@types/send': [ '1.2.1', '0.17.6' ],
133 silly audit   '@types/serve-static': [ '1.15.10' ],
133 silly audit   '@types/stack-utils': [ '2.0.3' ],
133 silly audit   '@types/tough-cookie': [ '4.0.5' ],
133 silly audit   '@types/yargs': [ '17.0.35' ],
133 silly audit   '@types/yargs-parser': [ '21.0.3' ],
133 silly audit   '@ungap/structured-clone': [ '1.3.0' ],
133 silly audit   '@unrs/resolver-binding-android-arm-eabi': [ '1.11.1' ],
133 silly audit   '@unrs/resolver-binding-android-arm64': [ '1.11.1' ],
133 silly audit   '@unrs/resolver-binding-darwin-arm64': [ '1.11.1' ],
133 silly audit   '@unrs/resolver-binding-darwin-x64': [ '1.11.1' ],
133 silly audit   '@unrs/resolver-binding-freebsd-x64': [ '1.11.1' ],
133 silly audit   '@unrs/resolver-binding-linux-arm-gnueabihf': [ '1.11.1' ],
133 silly audit   '@unrs/resolver-binding-linux-arm-musleabihf': [ '1.11.1' ],
133 silly audit   '@unrs/resolver-binding-linux-arm64-gnu': [ '1.11.1' ],
133 silly audit   '@unrs/resolver-binding-linux-arm64-musl': [ '1.11.1' ],
133 silly audit   '@unrs/resolver-binding-linux-ppc64-gnu': [ '1.11.1' ],
133 silly audit   '@unrs/resolver-binding-linux-riscv64-gnu': [ '1.11.1' ],
133 silly audit   '@unrs/resolver-binding-linux-riscv64-musl': [ '1.11.1' ],
133 silly audit   '@unrs/resolver-binding-linux-s390x-gnu': [ '1.11.1' ],
133 silly audit   '@unrs/resolver-binding-linux-x64-gnu': [ '1.11.1' ],
133 silly audit   '@unrs/resolver-binding-linux-x64-musl': [ '1.11.1' ],
133 silly audit   '@unrs/resolver-binding-wasm32-wasi': [ '1.11.1' ],
133 silly audit   '@unrs/resolver-binding-win32-arm64-msvc': [ '1.11.1' ],
133 silly audit   '@unrs/resolver-binding-win32-ia32-msvc': [ '1.11.1' ],
133 silly audit   '@unrs/resolver-binding-win32-x64-msvc': [ '1.11.1' ],
133 silly audit   'abort-controller': [ '3.0.0' ],
133 silly audit   accepts: [ '1.3.8' ],
133 silly audit   acorn: [ '8.16.0' ],
133 silly audit   'acorn-jsx': [ '5.3.2' ],
133 silly audit   'agent-base': [ '7.1.4', '6.0.2' ],
133 silly audit   ajv: [ '6.14.0' ],
133 silly audit   'ansi-escapes': [ '4.3.2' ],
133 silly audit   'type-fest': [ '0.21.3', '0.20.2' ],
133 silly audit   'ansi-styles': [ '4.3.0', '5.2.0', '6.2.3' ],
133 silly audit   anymatch: [ '3.1.3' ],
133 silly audit   picomatch: [ '2.3.2', '4.0.4' ],
133 silly audit   'array-flatten': [ '1.1.1' ],
133 silly audit   arrify: [ '2.0.1' ],
133 silly audit   'async-retry': [ '1.3.3' ],
133 silly audit   asynckit: [ '0.4.0' ],
133 silly audit   'babel-jest': [ '30.3.0' ],
133 silly audit   'babel-plugin-istanbul': [ '7.0.1' ],
133 silly audit   'babel-plugin-jest-hoist': [ '30.3.0' ],
133 silly audit   'babel-preset-current-node-syntax': [ '1.2.0' ],
133 silly audit   'babel-preset-jest': [ '30.3.0' ],
133 silly audit   'balanced-match': [ '1.0.2' ],
133 silly audit   'base64-js': [ '1.5.1' ],
133 silly audit   'baseline-browser-mapping': [ '2.10.21' ],
133 silly audit   'bignumber.js': [ '9.3.1' ],
133 silly audit   'body-parser': [ '1.20.4' ],
133 silly audit   debug: [ '2.6.9', '4.4.3' ],
133 silly audit   ms: [ '2.0.0', '2.1.3' ],
133 silly audit   'brace-expansion': [ '1.1.14', '2.1.0' ],
133 silly audit   browserslist: [ '4.28.2' ],
133 silly audit   bser: [ '2.1.1' ],
133 silly audit   'buffer-equal-constant-time': [ '1.0.1' ],
133 silly audit   'buffer-from': [ '1.1.2' ],
133 silly audit   bytes: [ '3.1.2' ],
133 silly audit   'call-bind-apply-helpers': [ '1.0.2' ],
133 silly audit   'call-bound': [ '1.0.4' ],
133 silly audit   callsites: [ '3.1.0' ],
133 silly audit   camelcase: [ '5.3.1', '6.3.0' ],
133 silly audit   'caniuse-lite': [ '1.0.30001790' ],
133 silly audit   chalk: [ '4.1.2' ],
133 silly audit   'char-regex': [ '1.0.2' ],
133 silly audit   'ci-info': [ '4.4.0' ],
133 silly audit   'cjs-module-lexer': [ '2.2.0' ],
133 silly audit   cliui: [ '8.0.1' ],
133 silly audit   'emoji-regex': [ '8.0.0', '9.2.2' ],
133 silly audit   'string-width': [ '4.2.3', '5.1.2' ],
133 silly audit   'wrap-ansi': [ '7.0.0', '8.1.0' ],
133 silly audit   co: [ '4.6.0' ],
133 silly audit   'collect-v8-coverage': [ '1.0.3' ],
133 silly audit   'color-convert': [ '2.0.1' ],
133 silly audit   'color-name': [ '1.1.4' ],
133 silly audit   'combined-stream': [ '1.0.8' ],
133 silly audit   'concat-map': [ '0.0.1' ],
133 silly audit   'content-disposition': [ '0.5.4' ],
133 silly audit   'content-type': [ '1.0.5' ],
133 silly audit   'convert-source-map': [ '2.0.0' ],
133 silly audit   cookie: [ '0.7.2' ],
133 silly audit   'cookie-signature': [ '1.0.7' ],
133 silly audit   cors: [ '2.8.6' ],
133 silly audit   'cross-spawn': [ '7.0.6' ],
133 silly audit   'data-uri-to-buffer': [ '4.0.1' ],
133 silly audit   dedent: [ '1.7.2' ],
133 silly audit   'deep-is': [ '0.1.4' ],
133 silly audit   deepmerge: [ '4.3.1' ],
133 silly audit   'delayed-stream': [ '1.0.0' ],
133 silly audit   depd: [ '2.0.0' ],
133 silly audit   destroy: [ '1.2.0' ],
133 silly audit   'detect-newline': [ '3.1.0' ],
133 silly audit   doctrine: [ '3.0.0' ],
133 silly audit   'dunder-proto': [ '1.0.1' ],
133 silly audit   duplexify: [ '4.1.3' ],
133 silly audit   eastasianwidth: [ '0.2.0' ],
133 silly audit   'ecdsa-sig-formatter': [ '1.0.11' ],
133 silly audit   'ee-first': [ '1.1.1' ],
133 silly audit   'electron-to-chromium': [ '1.5.344' ],
133 silly audit   emittery: [ '0.13.1' ],
133 silly audit   encodeurl: [ '2.0.0' ],
133 silly audit   'end-of-stream': [ '1.4.5' ],
133 silly audit   'error-ex': [ '1.3.4' ],
133 silly audit   'es-define-property': [ '1.0.1' ],
133 silly audit   'es-errors': [ '1.3.0' ],
133 silly audit   'es-object-atoms': [ '1.1.1' ],
133 silly audit   'es-set-tostringtag': [ '2.1.0' ],
133 silly audit   escalade: [ '3.2.0' ],
133 silly audit   'escape-html': [ '1.0.3' ],
133 silly audit   'escape-string-regexp': [ '4.0.0', '2.0.0' ],
133 silly audit   eslint: [ '8.57.1' ],
133 silly audit   'eslint-config-google': [ '0.14.0' ],
133 silly audit   'eslint-scope': [ '7.2.2' ],
133 silly audit   'eslint-visitor-keys': [ '3.4.3' ],
133 silly audit   estraverse: [ '5.3.0' ],
133 silly audit   espree: [ '9.6.1' ],
133 silly audit   esprima: [ '4.0.1' ],
133 silly audit   esquery: [ '1.7.0' ],
133 silly audit   esrecurse: [ '4.3.0' ],
133 silly audit   esutils: [ '2.0.3' ],
133 silly audit   etag: [ '1.8.1' ],
133 silly audit   'event-target-shim': [ '5.0.1' ],
133 silly audit   execa: [ '5.1.1' ],
133 silly audit   'signal-exit': [ '3.0.7', '4.1.0' ],
133 silly audit   'exit-x': [ '0.2.2' ],
133 silly audit   expect: [ '30.3.0' ],
133 silly audit   express: [ '4.22.1' ],
133 silly audit   extend: [ '3.0.2' ],
133 silly audit   'farmhash-modern': [ '1.1.0' ],
133 silly audit   'fast-deep-equal': [ '3.1.3' ],
133 silly audit   'glob-parent': [ '6.0.2' ],
133 silly audit   'fast-json-stable-stringify': [ '2.1.0' ],
133 silly audit   'fast-levenshtein': [ '2.0.6' ],
133 silly audit   'fast-xml-builder': [ '1.1.5' ],
133 silly audit   'fast-xml-parser': [ '5.7.1' ],
133 silly audit   fastq: [ '1.20.1' ],
133 silly audit   'faye-websocket': [ '0.11.4' ],
133 silly audit   'fb-watchman': [ '2.0.2' ],
133 silly audit   'fetch-blob': [ '3.2.0' ],
133 silly audit   'file-entry-cache': [ '6.0.1' ],
133 silly audit   finalhandler: [ '1.3.2' ],
133 silly audit   'firebase-admin': [ '13.8.0' ],
133 silly audit   'firebase-functions': [ '7.2.5' ],
133 silly audit   'firebase-functions-test': [ '3.4.1' ],
133 silly audit   'flat-cache': [ '3.2.0' ],
133 silly audit   flatted: [ '3.4.2' ],
133 silly audit   'foreground-child': [ '3.3.1' ],
133 silly audit   'form-data': [ '2.5.5' ],
133 silly audit   'formdata-polyfill': [ '4.0.10' ],
133 silly audit   forwarded: [ '0.2.0' ],
133 silly audit   fresh: [ '0.5.2' ],
133 silly audit   'fs.realpath': [ '1.0.0' ],
133 silly audit   fsevents: [ '2.3.3' ],
133 silly audit   'function-bind': [ '1.1.2' ],
133 silly audit   'functional-red-black-tree': [ '1.0.1' ],
133 silly audit   gaxios: [ '6.7.1', '7.1.4' ],
133 silly audit   'node-fetch': [ '3.3.2', '2.7.0' ],
133 silly audit   gensync: [ '1.0.0-beta.2' ],
133 silly audit   'get-caller-file': [ '2.0.5' ],
133 silly audit   'get-intrinsic': [ '1.3.0' ],
133 silly audit   'get-package-type': [ '0.1.0' ],
133 silly audit   'get-proto': [ '1.0.1' ],
133 silly audit   'get-stream': [ '6.0.1' ],
133 silly audit   glob: [ '10.5.0', '7.2.3' ],
133 silly audit   minimatch: [ '9.0.9', '3.1.5' ],
133 silly audit   globals: [ '13.24.0' ],
133 silly audit   'google-gax': [ '4.6.1' ],
133 silly audit   gopd: [ '1.2.0' ],
133 silly audit   'graceful-fs': [ '4.2.11' ],
133 silly audit   graphemer: [ '1.4.0' ],
133 silly audit   gtoken: [ '7.1.0' ],
133 silly audit   'has-flag': [ '4.0.0' ],
133 silly audit   'has-symbols': [ '1.1.0' ],
133 silly audit   'has-tostringtag': [ '1.0.2' ],
133 silly audit   hasown: [ '2.0.3' ],
133 silly audit   'html-entities': [ '2.6.0' ],
133 silly audit   'html-escaper': [ '2.0.2' ],
133 silly audit   'http-errors': [ '2.0.1' ],
133 silly audit   'http-parser-js': [ '0.5.10' ],
133 silly audit   'http-proxy-agent': [ '5.0.0' ],
133 silly audit   'https-proxy-agent': [ '7.0.6', '5.0.1' ],
133 silly audit   'human-signals': [ '2.1.0' ],
133 silly audit   'iconv-lite': [ '0.4.24' ],
133 silly audit   ignore: [ '5.3.2' ],
133 silly audit   'import-fresh': [ '3.3.1' ],
133 silly audit   'import-local': [ '3.2.0' ],
133 silly audit   imurmurhash: [ '0.1.4' ],
133 silly audit   inflight: [ '1.0.6' ],
133 silly audit   inherits: [ '2.0.4' ],
133 silly audit   'ipaddr.js': [ '1.9.1' ],
133 silly audit   'is-arrayish': [ '0.2.1' ],
133 silly audit   'is-extglob': [ '2.1.1' ],
133 silly audit   'is-fullwidth-code-point': [ '3.0.0' ],
133 silly audit   'is-generator-fn': [ '2.1.0' ],
133 silly audit   'is-glob': [ '4.0.3' ],
133 silly audit   'is-path-inside': [ '3.0.3' ],
133 silly audit   'is-stream': [ '2.0.1' ],
133 silly audit   isexe: [ '2.0.0' ],
133 silly audit   'istanbul-lib-coverage': [ '3.2.2' ],
133 silly audit   'istanbul-lib-instrument': [ '6.0.3' ],
133 silly audit   'istanbul-lib-report': [ '3.0.1' ],
133 silly audit   'istanbul-lib-source-maps': [ '5.0.6' ],
133 silly audit   'istanbul-reports': [ '3.2.0' ],
133 silly audit   jackspeak: [ '3.4.3' ],
133 silly audit   jest: [ '30.3.0' ],
133 silly audit   'jest-changed-files': [ '30.3.0' ],
133 silly audit   'jest-circus': [ '30.3.0' ],
133 silly audit   'jest-cli': [ '30.3.0' ],
133 silly audit   'jest-config': [ '30.3.0' ],
133 silly audit   'jest-diff': [ '30.3.0' ],
133 silly audit   'jest-docblock': [ '30.2.0' ],
133 silly audit   'jest-each': [ '30.3.0' ],
133 silly audit   'jest-environment-node': [ '30.3.0' ],
133 silly audit   'jest-haste-map': [ '30.3.0' ],
133 silly audit   'jest-leak-detector': [ '30.3.0' ],
133 silly audit   'jest-matcher-utils': [ '30.3.0' ],
133 silly audit   'jest-message-util': [ '30.3.0' ],
133 silly audit   'jest-mock': [ '30.3.0' ],
133 silly audit   'jest-pnp-resolver': [ '1.2.3' ],
133 silly audit   'jest-regex-util': [ '30.0.1' ],
133 silly audit   'jest-resolve': [ '30.3.0' ],
133 silly audit   'jest-resolve-dependencies': [ '30.3.0' ],
133 silly audit   'jest-runner': [ '30.3.0' ],
133 silly audit   'jest-runtime': [ '30.3.0' ],
133 silly audit   'jest-snapshot': [ '30.3.0' ],
133 silly audit   'jest-util': [ '30.3.0' ],
133 silly audit   'jest-validate': [ '30.3.0' ],
133 silly audit   'jest-watcher': [ '30.3.0' ],
133 silly audit   'jest-worker': [ '30.3.0' ],
133 silly audit   'supports-color': [ '8.1.1', '7.2.0' ],
133 silly audit   jose: [ '4.15.9' ],
133 silly audit   'js-tokens': [ '4.0.0' ],
133 silly audit   jsesc: [ '3.1.0' ],
133 silly audit   'json-bigint': [ '1.0.0' ],
133 silly audit   'json-buffer': [ '3.0.1' ],
133 silly audit   'json-parse-even-better-errors': [ '2.3.1' ],
133 silly audit   'json-schema-traverse': [ '0.4.1' ],
133 silly audit   'json-stable-stringify-without-jsonify': [ '1.0.1' ],
133 silly audit   json5: [ '2.2.3' ],
133 silly audit   jsonwebtoken: [ '9.0.3' ],
133 silly audit   jwa: [ '2.0.1' ],
133 silly audit   'jwks-rsa': [ '3.2.2' ],
133 silly audit   jws: [ '4.0.1' ],
133 silly audit   keyv: [ '4.5.4' ],
133 silly audit   leven: [ '3.1.0' ],
133 silly audit   levn: [ '0.4.1' ],
133 silly audit   limiter: [ '1.1.5' ],
133 silly audit   'lines-and-columns': [ '1.2.4' ],
133 silly audit   lodash: [ '4.18.1' ],
133 silly audit   'lodash.camelcase': [ '4.3.0' ],
133 silly audit   'lodash.clonedeep': [ '4.5.0' ],
133 silly audit   'lodash.includes': [ '4.3.0' ],
133 silly audit   'lodash.isboolean': [ '3.0.3' ],
133 silly audit   'lodash.isinteger': [ '4.0.4' ],
133 silly audit   'lodash.isnumber': [ '3.0.3' ],
133 silly audit   'lodash.isplainobject': [ '4.0.6' ],
133 silly audit   'lodash.isstring': [ '4.0.1' ],
133 silly audit   'lodash.merge': [ '4.6.2' ],
133 silly audit   'lodash.once': [ '4.1.1' ],
133 silly audit   long: [ '5.3.2' ],
133 silly audit   'lru-cache': [ '5.1.1', '6.0.0', '10.4.3' ],
133 silly audit   'lru-memoizer': [ '2.3.0' ],
133 silly audit   yallist: [ '4.0.0', '3.1.1' ],
133 silly audit   'make-dir': [ '4.0.0' ],
133 silly audit   makeerror: [ '1.0.12' ],
133 silly audit   'math-intrinsics': [ '1.1.0' ],
133 silly audit   'media-typer': [ '0.3.0' ],
133 silly audit   'merge-descriptors': [ '1.0.3' ],
133 silly audit   'merge-stream': [ '2.0.0' ],
133 silly audit   methods: [ '1.1.2' ],
133 silly audit   mime: [ '3.0.0', '1.6.0' ],
133 silly audit   'mime-db': [ '1.52.0' ],
133 silly audit   'mime-types': [ '2.1.35' ],
133 silly audit   'mimic-fn': [ '2.1.0' ],
133 silly audit   minipass: [ '7.1.3' ],
133 silly audit   'napi-postinstall': [ '0.3.4' ],
133 silly audit   'natural-compare': [ '1.4.0' ],
133 silly audit   negotiator: [ '0.6.3' ],
133 silly audit   'node-domexception': [ '1.0.0' ],
133 silly audit   'node-forge': [ '1.4.0' ],
133 silly audit   'node-int64': [ '0.4.0' ],
133 silly audit   'node-releases': [ '2.0.38' ],
133 silly audit   'normalize-path': [ '3.0.0' ],
133 silly audit   'npm-run-path': [ '4.0.1' ],
133 silly audit   'object-assign': [ '4.1.1' ],
133 silly audit   'object-hash': [ '3.0.0' ],
133 silly audit   'object-inspect': [ '1.13.4' ],
133 silly audit   'on-finished': [ '2.4.1' ],
133 silly audit   once: [ '1.4.0' ],
133 silly audit   onetime: [ '5.1.2' ],
133 silly audit   optionator: [ '0.9.4' ],
133 silly audit   'p-try': [ '2.2.0' ],
133 silly audit   'package-json-from-dist': [ '1.0.1' ],
133 silly audit   'parent-module': [ '1.0.1' ],
133 silly audit   'parse-json': [ '5.2.0' ],
133 silly audit   parseurl: [ '1.3.3' ],
133 silly audit   'path-exists': [ '4.0.0' ],
133 silly audit   'path-expression-matcher': [ '1.5.0' ],
133 silly audit   'path-is-absolute': [ '1.0.1' ],
133 silly audit   'path-key': [ '3.1.1' ],
133 silly audit   'path-scurry': [ '1.11.1' ],
133 silly audit   'path-to-regexp': [ '0.1.13' ],
133 silly audit   picocolors: [ '1.1.1' ],
133 silly audit   pirates: [ '4.0.7' ],
133 silly audit   'pkg-dir': [ '4.2.0' ],
133 silly audit   'prelude-ls': [ '1.2.1' ],
133 silly audit   'pretty-format': [ '30.3.0' ],
133 silly audit   'proto3-json-serializer': [ '2.0.2' ],
133 silly audit   protobufjs: [ '7.5.5' ],
133 silly audit   'proxy-addr': [ '2.0.7' ],
133 silly audit   punycode: [ '2.3.1' ],
133 silly audit   'pure-rand': [ '7.0.1' ],
133 silly audit   qs: [ '6.14.2' ],
133 silly audit   'queue-microtask': [ '1.2.3' ],
133 silly audit   'range-parser': [ '1.2.1' ],
133 silly audit   'raw-body': [ '2.5.3' ],
133 silly audit   'react-is': [ '18.3.1' ],
133 silly audit   'readable-stream': [ '3.6.2' ],
133 silly audit   'require-directory': [ '2.1.1' ],
133 silly audit   'resolve-cwd': [ '3.0.0' ],
133 silly audit   retry: [ '0.13.1' ],
133 silly audit   'retry-request': [ '7.0.2' ],
133 silly audit   reusify: [ '1.1.0' ],
133 silly audit   rimraf: [ '3.0.2' ],
133 silly audit   'run-parallel': [ '1.2.0' ],
133 silly audit   'safe-buffer': [ '5.2.1' ],
133 silly audit   'safer-buffer': [ '2.1.2' ],
133 silly audit   send: [ '0.19.2' ],
133 silly audit   'serve-static': [ '1.16.3' ],
133 silly audit   setprototypeof: [ '1.2.0' ],
133 silly audit   'shebang-command': [ '2.0.0' ],
133 silly audit   'shebang-regex': [ '3.0.0' ],
133 silly audit   'side-channel': [ '1.1.0' ],
133 silly audit   'side-channel-list': [ '1.0.1' ],
133 silly audit   'side-channel-map': [ '1.0.1' ],
133 silly audit   'side-channel-weakmap': [ '1.0.2' ],
133 silly audit   slash: [ '3.0.0' ],
133 silly audit   'source-map': [ '0.6.1' ],
133 silly audit   'source-map-support': [ '0.5.13' ],
133 silly audit   'sprintf-js': [ '1.0.3' ],
133 silly audit   'stack-utils': [ '2.0.6' ],
133 silly audit   statuses: [ '2.0.2' ],
133 silly audit   'stream-events': [ '1.0.5' ],
133 silly audit   'stream-shift': [ '1.0.3' ],
133 silly audit   string_decoder: [ '1.3.0' ],
133 silly audit   'string-length': [ '4.0.2' ],
133 silly audit   'strip-bom': [ '4.0.0' ],
133 silly audit   'strip-final-newline': [ '2.0.0' ],
133 silly audit   'strip-json-comments': [ '3.1.1' ],
133 silly audit   strnum: [ '2.2.3' ],
133 silly audit   stubs: [ '3.0.0' ],
133 silly audit   synckit: [ '0.11.12' ],
133 silly audit   'teeny-request': [ '9.0.0' ],
133 silly audit   'test-exclude': [ '6.0.0' ],
133 silly audit   'text-table': [ '0.2.0' ],
133 silly audit   tmpl: [ '1.0.5' ],
133 silly audit   toidentifier: [ '1.0.1' ],
133 silly audit   tr46: [ '0.0.3' ],
133 silly audit   'ts-deepmerge': [ '2.0.7' ],
133 silly audit   tslib: [ '2.8.1' ],
133 silly audit   'type-check': [ '0.4.0' ],
133 silly audit   'type-detect': [ '4.0.8' ],
133 silly audit   'type-is': [ '1.6.18' ],
133 silly audit   'undici-types': [ '7.19.2' ],
133 silly audit   unpipe: [ '1.0.0' ],
133 silly audit   'unrs-resolver': [ '1.11.1' ],
133 silly audit   'update-browserslist-db': [ '1.2.3' ],
133 silly audit   'uri-js': [ '4.4.1' ],
133 silly audit   'util-deprecate': [ '1.0.2' ],
133 silly audit   'utils-merge': [ '1.0.1' ],
133 silly audit   'v8-to-istanbul': [ '9.3.0' ],
133 silly audit   vary: [ '1.1.2' ],
133 silly audit   walker: [ '1.0.8' ],
133 silly audit   'web-streams-polyfill': [ '3.3.3' ],
133 silly audit   'webidl-conversions': [ '3.0.1' ],
133 silly audit   'websocket-driver': [ '0.7.4' ],
133 silly audit   'websocket-extensions': [ '0.1.4' ],
133 silly audit   'whatwg-url': [ '5.0.0' ],
133 silly audit   which: [ '2.0.2' ],
133 silly audit   'word-wrap': [ '1.2.5' ],
133 silly audit   wrappy: [ '1.0.2' ],
133 silly audit   'write-file-atomic': [ '5.0.1' ],
133 silly audit   y18n: [ '5.0.8' ],
133 silly audit   yargs: [ '17.7.2' ],
133 silly audit   'yargs-parser': [ '21.1.1' ],
133 silly audit   'yocto-queue': [ '0.1.0' ]
133 silly audit }
134 http fetch POST 200 https://registry.npmjs.org/-/npm/v1/security/advisories/bulk 3122ms
135 silly audit report {
135 silly audit report   uuid: [
135 silly audit report     {
135 silly audit report       id: 1116970,
135 silly audit report       url: 'https://github.com/advisories/GHSA-w5hq-g745-h8pq',
135 silly audit report       title: 'uuid: Missing buffer bounds check in v3/v5/v6 when buf is provided',
135 silly audit report       severity: 'moderate',
135 silly audit report       vulnerable_versions: '<14.0.0',
135 silly audit report       cwe: [Array],
135 silly audit report       cvss: [Object]
135 silly audit report     }
135 silly audit report   ],
135 silly audit report   '@tootallnate/once': [
135 silly audit report     {
135 silly audit report       id: 1113977,
135 silly audit report       url: 'https://github.com/advisories/GHSA-vpq2-c234-7xj6',
135 silly audit report       title: '@tootallnate/once vulnerable to Incorrect Control Flow Scoping',
135 silly audit report       severity: 'low',
135 silly audit report       vulnerable_versions: '<3.0.1',
135 silly audit report       cwe: [Array],
135 silly audit report       cvss: [Object]
135 silly audit report     }
135 silly audit report   ]
135 silly audit report }
136 silly packumentCache corgi:https://registry.npmjs.org/uuid cache-miss
137 silly packumentCache corgi:https://registry.npmjs.org/@tootallnate%2fonce cache-miss
138 http fetch GET 200 https://registry.npmjs.org/@tootallnate%2fonce 1322ms (cache revalidated)
139 silly packumentCache corgi:https://registry.npmjs.org/@tootallnate%2fonce set size:10818 disposed:false
140 http fetch GET 200 https://registry.npmjs.org/uuid 2071ms (cache revalidated)
141 silly packumentCache corgi:https://registry.npmjs.org/uuid set size:72733 disposed:false
142 silly packumentCache corgi:https://registry.npmjs.org/@google-cloud%2fstorage cache-miss
143 silly packumentCache corgi:https://registry.npmjs.org/gaxios cache-miss
144 silly packumentCache corgi:https://registry.npmjs.org/google-gax cache-miss
145 silly packumentCache corgi:https://registry.npmjs.org/teeny-request cache-miss
146 silly packumentCache corgi:https://registry.npmjs.org/firebase-admin cache-miss
147 http fetch GET 200 https://registry.npmjs.org/@google-cloud%2fstorage 424ms (cache revalidated)
148 silly packumentCache corgi:https://registry.npmjs.org/@google-cloud%2fstorage set size:478103 disposed:false
149 http fetch GET 200 https://registry.npmjs.org/google-gax 457ms (cache revalidated)
150 silly packumentCache corgi:https://registry.npmjs.org/google-gax set size:997085 disposed:false
151 http fetch GET 200 https://registry.npmjs.org/gaxios 850ms (cache revalidated)
152 silly packumentCache corgi:https://registry.npmjs.org/gaxios set size:196019 disposed:false
153 http fetch GET 200 https://registry.npmjs.org/teeny-request 916ms (cache revalidated)
154 silly packumentCache corgi:https://registry.npmjs.org/teeny-request set size:97803 disposed:false
155 http fetch GET 200 https://registry.npmjs.org/firebase-admin 926ms (cache revalidated)
156 silly packumentCache corgi:https://registry.npmjs.org/firebase-admin set size:338490 disposed:false
157 silly packumentCache corgi:https://registry.npmjs.org/http-proxy-agent cache-miss
158 http fetch GET 200 https://registry.npmjs.org/http-proxy-agent 338ms (cache revalidated)
159 silly packumentCache corgi:https://registry.npmjs.org/http-proxy-agent set size:24577 disposed:false
160 silly packumentCache corgi:https://registry.npmjs.org/@google-cloud%2ffirestore cache-miss
161 http fetch GET 200 https://registry.npmjs.org/@google-cloud%2ffirestore 368ms (cache revalidated)
162 silly packumentCache corgi:https://registry.npmjs.org/@google-cloud%2ffirestore set size:328352 disposed:false
163 silly packumentCache corgi:https://registry.npmjs.org/gcp-metadata cache-miss
164 silly packumentCache corgi:https://registry.npmjs.org/google-auth-library cache-miss
165 silly packumentCache corgi:https://registry.npmjs.org/gtoken cache-miss
166 http fetch GET 200 https://registry.npmjs.org/gcp-metadata 344ms (cache revalidated)
167 silly packumentCache corgi:https://registry.npmjs.org/gcp-metadata set size:87172 disposed:false
168 http fetch GET 200 https://registry.npmjs.org/google-auth-library 382ms (cache revalidated)
169 silly packumentCache corgi:https://registry.npmjs.org/google-auth-library set size:367243 disposed:false
170 http fetch GET 200 https://registry.npmjs.org/gtoken 414ms (cache revalidated)
171 silly packumentCache corgi:https://registry.npmjs.org/gtoken set size:74319 disposed:false
172 silly packumentCache corgi:https://registry.npmjs.org/retry-request cache-miss
173 http fetch GET 200 https://registry.npmjs.org/retry-request 232ms (cache revalidated)
174 silly packumentCache corgi:https://registry.npmjs.org/retry-request set size:40804 disposed:false
175 silly packumentCache corgi:https://registry.npmjs.org/firebase-functions cache-miss
176 silly packumentCache corgi:https://registry.npmjs.org/firebase-functions-test cache-miss
177 http fetch GET 200 https://registry.npmjs.org/firebase-functions 306ms (cache revalidated)
178 silly packumentCache corgi:https://registry.npmjs.org/firebase-functions set size:304679 disposed:false
179 http fetch GET 200 https://registry.npmjs.org/firebase-functions-test 722ms (cache revalidated)
180 silly packumentCache corgi:https://registry.npmjs.org/firebase-functions-test set size:50649 disposed:false
181 silly REMOVE node_modules/which-typed-array
182 silly REMOVE node_modules/which-collection
183 silly REMOVE node_modules/which-builtin-type
184 silly REMOVE node_modules/which-boxed-primitive
185 silly REMOVE node_modules/unbox-primitive
186 silly REMOVE node_modules/typescript
187 silly REMOVE node_modules/typed-array-length
188 silly REMOVE node_modules/typed-array-byte-offset
189 silly REMOVE node_modules/typed-array-byte-length
190 silly REMOVE node_modules/typed-array-buffer
191 silly REMOVE node_modules/tsutils
192 silly REMOVE node_modules/tsutils/node_modules/tslib
193 silly REMOVE node_modules/tsconfig-paths
194 silly REMOVE node_modules/tsconfig-paths/node_modules/strip-bom
195 silly REMOVE node_modules/tsconfig-paths/node_modules/json5
196 silly REMOVE node_modules/to-regex-range
197 silly REMOVE node_modules/supports-preserve-symlinks-flag
198 silly REMOVE node_modules/string.prototype.trimstart
199 silly REMOVE node_modules/string.prototype.trimend
200 silly REMOVE node_modules/string.prototype.trim
201 silly REMOVE node_modules/stop-iteration-iterator
202 silly REMOVE node_modules/set-proto
203 silly REMOVE node_modules/set-function-name
204 silly REMOVE node_modules/set-function-length
205 silly REMOVE node_modules/safe-regex-test
206 silly REMOVE node_modules/safe-push-apply
207 silly REMOVE node_modules/safe-array-concat
208 silly REMOVE node_modules/resolve
209 silly REMOVE node_modules/regexp.prototype.flags
210 silly REMOVE node_modules/reflect.getprototypeof
211 silly REMOVE node_modules/possible-typed-array-names
212 silly REMOVE node_modules/path-type
213 silly REMOVE node_modules/path-parse
214 silly REMOVE node_modules/own-keys
215 silly REMOVE node_modules/object.values
216 silly REMOVE node_modules/object.groupby
217 silly REMOVE node_modules/object.fromentries
218 silly REMOVE node_modules/object.entries
219 silly REMOVE node_modules/object.assign
220 silly REMOVE node_modules/object-keys
221 silly REMOVE node_modules/node-exports-info
222 silly REMOVE node_modules/node-exports-info/node_modules/semver
223 silly REMOVE node_modules/natural-compare-lite
224 silly REMOVE node_modules/minimist
225 silly REMOVE node_modules/micromatch
226 silly REMOVE node_modules/micromatch/node_modules/picomatch
227 silly REMOVE node_modules/merge2
228 silly REMOVE node_modules/isarray
229 silly REMOVE node_modules/is-weakset
230 silly REMOVE node_modules/is-weakref
231 silly REMOVE node_modules/is-weakmap
232 silly REMOVE node_modules/is-typed-array
233 silly REMOVE node_modules/is-symbol
234 silly REMOVE node_modules/is-string
235 silly REMOVE node_modules/is-shared-array-buffer
236 silly REMOVE node_modules/is-set
237 silly REMOVE node_modules/is-regex
238 silly REMOVE node_modules/is-number-object
239 silly REMOVE node_modules/is-number
240 silly REMOVE node_modules/is-negative-zero
241 silly REMOVE node_modules/is-map
242 silly REMOVE node_modules/is-generator-function
243 silly REMOVE node_modules/is-finalizationregistry
244 silly REMOVE node_modules/is-date-object
245 silly REMOVE node_modules/is-data-view
246 silly REMOVE node_modules/is-core-module
247 silly REMOVE node_modules/is-callable
248 silly REMOVE node_modules/is-boolean-object
249 silly REMOVE node_modules/is-bigint
250 silly REMOVE node_modules/is-async-function
251 silly REMOVE node_modules/is-array-buffer
252 silly REMOVE node_modules/internal-slot
253 silly REMOVE node_modules/has-proto
254 silly REMOVE node_modules/has-property-descriptors
255 silly REMOVE node_modules/has-bigints
256 silly REMOVE node_modules/globby
257 silly REMOVE node_modules/globalthis
258 silly REMOVE node_modules/get-symbol-description
259 silly REMOVE node_modules/generator-function
260 silly REMOVE node_modules/functions-have-names
261 silly REMOVE node_modules/function.prototype.name
262 silly REMOVE node_modules/for-each
263 silly REMOVE node_modules/fill-range
264 silly REMOVE node_modules/fast-glob
265 silly REMOVE node_modules/fast-glob/node_modules/glob-parent
266 silly REMOVE node_modules/estraverse
267 silly REMOVE node_modules/eslint-scope
268 silly REMOVE node_modules/eslint-plugin-import
269 silly REMOVE node_modules/eslint-plugin-import/node_modules/semver
270 silly REMOVE node_modules/eslint-plugin-import/node_modules/doctrine
271 silly REMOVE node_modules/eslint-plugin-import/node_modules/debug
272 silly REMOVE node_modules/eslint-module-utils
273 silly REMOVE node_modules/eslint-module-utils/node_modules/debug
274 silly REMOVE node_modules/eslint-import-resolver-node
275 silly REMOVE node_modules/eslint-import-resolver-node/node_modules/debug
276 silly REMOVE node_modules/es-to-primitive
277 silly REMOVE node_modules/es-shim-unscopables
278 silly REMOVE node_modules/es-abstract
279 silly REMOVE node_modules/dir-glob
280 silly REMOVE node_modules/define-properties
281 silly REMOVE node_modules/define-data-property
282 silly REMOVE node_modules/data-view-byte-offset
283 silly REMOVE node_modules/data-view-byte-length
284 silly REMOVE node_modules/data-view-buffer
285 silly REMOVE node_modules/call-bind
286 silly REMOVE node_modules/braces
287 silly REMOVE node_modules/available-typed-arrays
288 silly REMOVE node_modules/async-function
289 silly REMOVE node_modules/arraybuffer.prototype.slice
290 silly REMOVE node_modules/array.prototype.flatmap
291 silly REMOVE node_modules/array.prototype.flat
292 silly REMOVE node_modules/array.prototype.findlastindex
293 silly REMOVE node_modules/array-union
294 silly REMOVE node_modules/array-includes
295 silly REMOVE node_modules/array-buffer-byte-length
296 silly REMOVE node_modules/@typescript-eslint/visitor-keys
297 silly REMOVE node_modules/@typescript-eslint/utils
298 silly REMOVE node_modules/@typescript-eslint/typescript-estree
299 silly REMOVE node_modules/@typescript-eslint/types
300 silly REMOVE node_modules/@typescript-eslint/type-utils
301 silly REMOVE node_modules/@typescript-eslint/scope-manager
302 silly REMOVE node_modules/@typescript-eslint/parser
303 silly REMOVE node_modules/@typescript-eslint/eslint-plugin
304 silly REMOVE node_modules/@types/semver
305 silly REMOVE node_modules/@types/json5
306 silly REMOVE node_modules/@types/json-schema
307 silly REMOVE node_modules/@rtsao/scc
308 verbose cwd /data/data/com.termux/files/home/INVERSIONES Atlántida/functions
309 verbose os Linux 4.19.127-ga063971dce66-dirty
310 verbose node v25.8.1
311 verbose npm  v11.13.0
312 verbose exit 0
313 info ok
