0 verbose cli /data/data/com.termux/files/usr/bin/node /data/data/com.termux/files/usr/bin/npm
1 info using npm@11.13.0
2 info using node@v25.8.1
3 silly config load:file:/data/data/com.termux/files/usr/lib/node_modules/npm/npmrc
4 silly config load:file:/data/data/com.termux/files/home/.npmrc
5 silly config load:file:/data/data/com.termux/files/usr/etc/npmrc
6 verbose title npm audit fix
7 verbose argv "audit" "fix" "--force"
8 verbose logfile logs-max:10 dir:/data/data/com.termux/files/home/.npm/_logs/2026-04-23T04_56_54_450Z-
9 verbose logfile /data/data/com.termux/files/home/.npm/_logs/2026-04-23T04_56_54_450Z-debug-0.log
10 warn using --force Recommended protections disabled.
11 silly logfile start cleaning logs, removing 1 files
12 silly logfile done cleaning log files
13 silly packumentCache heap:1096286208 maxSize:274071552 maxEntrySize:137035776
14 silly audit bulk request {
14 silly audit   '@firebase/ai': [ '2.11.1' ],
14 silly audit   '@firebase/analytics': [ '0.10.21' ],
14 silly audit   '@firebase/analytics-compat': [ '0.2.27' ],
14 silly audit   '@firebase/analytics-types': [ '0.8.3' ],
14 silly audit   '@firebase/app': [ '0.14.11' ],
14 silly audit   '@firebase/app-check': [ '0.11.2' ],
14 silly audit   '@firebase/app-check-compat': [ '0.4.2' ],
14 silly audit   '@firebase/app-check-interop-types': [ '0.3.3' ],
14 silly audit   '@firebase/app-check-types': [ '0.5.3' ],
14 silly audit   '@firebase/app-compat': [ '0.5.11' ],
14 silly audit   '@firebase/app-types': [ '0.9.4' ],
14 silly audit   '@firebase/auth': [ '1.13.0' ],
14 silly audit   '@firebase/auth-compat': [ '0.6.5' ],
14 silly audit   '@firebase/auth-interop-types': [ '0.2.4' ],
14 silly audit   '@firebase/auth-types': [ '0.13.0' ],
14 silly audit   '@firebase/component': [ '0.7.2' ],
14 silly audit   '@firebase/data-connect': [ '0.6.0' ],
14 silly audit   '@firebase/database': [ '1.1.2' ],
14 silly audit   '@firebase/database-compat': [ '2.1.3' ],
14 silly audit   '@firebase/database-types': [ '1.0.19' ],
14 silly audit   '@firebase/firestore': [ '4.14.0' ],
14 silly audit   '@firebase/firestore-compat': [ '0.4.8' ],
14 silly audit   '@firebase/firestore-types': [ '3.0.3' ],
14 silly audit   '@firebase/functions': [ '0.13.3' ],
14 silly audit   '@firebase/functions-compat': [ '0.4.3' ],
14 silly audit   '@firebase/functions-types': [ '0.6.3' ],
14 silly audit   '@firebase/installations': [ '0.6.21' ],
14 silly audit   '@firebase/installations-compat': [ '0.2.21' ],
14 silly audit   '@firebase/installations-types': [ '0.5.3' ],
14 silly audit   '@firebase/logger': [ '0.5.0' ],
14 silly audit   '@firebase/messaging': [ '0.12.25' ],
14 silly audit   '@firebase/messaging-compat': [ '0.2.25' ],
14 silly audit   '@firebase/messaging-interop-types': [ '0.2.3' ],
14 silly audit   '@firebase/performance': [ '0.7.11' ],
14 silly audit   '@firebase/performance-compat': [ '0.2.24' ],
14 silly audit   '@firebase/performance-types': [ '0.2.3' ],
14 silly audit   '@firebase/remote-config': [ '0.8.2' ],
14 silly audit   '@firebase/remote-config-compat': [ '0.2.23' ],
14 silly audit   '@firebase/remote-config-types': [ '0.5.0' ],
14 silly audit   '@firebase/storage': [ '0.14.2' ],
14 silly audit   '@firebase/storage-compat': [ '0.4.2' ],
14 silly audit   '@firebase/storage-types': [ '0.8.3' ],
14 silly audit   '@firebase/util': [ '1.15.0' ],
14 silly audit   '@firebase/webchannel-wrapper': [ '1.0.5' ],
14 silly audit   '@grpc/grpc-js': [ '1.9.15' ],
14 silly audit   '@grpc/proto-loader': [ '0.7.15' ],
14 silly audit   '@protobufjs/aspromise': [ '1.1.2' ],
14 silly audit   '@protobufjs/base64': [ '1.1.2' ],
14 silly audit   '@protobufjs/codegen': [ '2.0.4' ],
14 silly audit   '@protobufjs/eventemitter': [ '1.1.0' ],
14 silly audit   '@protobufjs/fetch': [ '1.1.0' ],
14 silly audit   '@protobufjs/float': [ '1.0.2' ],
14 silly audit   '@protobufjs/inquire': [ '1.1.0' ],
14 silly audit   '@protobufjs/path': [ '1.1.2' ],
14 silly audit   '@protobufjs/pool': [ '1.1.0' ],
14 silly audit   '@protobufjs/utf8': [ '1.1.0' ],
14 silly audit   '@types/node': [ '25.6.0' ],
14 silly audit   'ansi-regex': [ '5.0.1' ],
14 silly audit   'ansi-styles': [ '4.3.0' ],
14 silly audit   cliui: [ '8.0.1' ],
14 silly audit   'color-convert': [ '2.0.1' ],
14 silly audit   'color-name': [ '1.1.4' ],
14 silly audit   'emoji-regex': [ '8.0.0' ],
14 silly audit   escalade: [ '3.2.0' ],
14 silly audit   'faye-websocket': [ '0.11.4' ],
14 silly audit   firebase: [ '12.12.1' ],
14 silly audit   'get-caller-file': [ '2.0.5' ],
14 silly audit   'http-parser-js': [ '0.5.10' ],
14 silly audit   idb: [ '7.1.1' ],
14 silly audit   'is-fullwidth-code-point': [ '3.0.0' ],
14 silly audit   'lodash.camelcase': [ '4.3.0' ],
14 silly audit   long: [ '5.3.2' ],
14 silly audit   protobufjs: [ '7.5.5' ],
14 silly audit   'require-directory': [ '2.1.1' ],
14 silly audit   'safe-buffer': [ '5.2.1' ],
14 silly audit   'string-width': [ '4.2.3' ],
14 silly audit   'strip-ansi': [ '6.0.1' ],
14 silly audit   tslib: [ '2.8.1' ],
14 silly audit   'undici-types': [ '7.19.2' ],
14 silly audit   'web-vitals': [ '4.2.4' ],
14 silly audit   'websocket-driver': [ '0.7.4' ],
14 silly audit   'websocket-extensions': [ '0.1.4' ],
14 silly audit   'wrap-ansi': [ '7.0.0' ],
14 silly audit   y18n: [ '5.0.8' ],
14 silly audit   yargs: [ '17.7.2' ],
14 silly audit   'yargs-parser': [ '21.1.1' ]
14 silly audit }
15 http fetch POST 200 https://registry.npmjs.org/-/npm/v1/security/advisories/bulk 1318ms
16 silly audit report {}
17 silly idealTree buildDeps
18 silly reify moves {}
19 silly audit bulk request {
19 silly audit   '@firebase/ai': [ '2.11.1' ],
19 silly audit   '@firebase/analytics': [ '0.10.21' ],
19 silly audit   '@firebase/analytics-compat': [ '0.2.27' ],
19 silly audit   '@firebase/analytics-types': [ '0.8.3' ],
19 silly audit   '@firebase/app': [ '0.14.11' ],
19 silly audit   '@firebase/app-check': [ '0.11.2' ],
19 silly audit   '@firebase/app-check-compat': [ '0.4.2' ],
19 silly audit   '@firebase/app-check-interop-types': [ '0.3.3' ],
19 silly audit   '@firebase/app-check-types': [ '0.5.3' ],
19 silly audit   '@firebase/app-compat': [ '0.5.11' ],
19 silly audit   '@firebase/app-types': [ '0.9.4' ],
19 silly audit   '@firebase/auth': [ '1.13.0' ],
19 silly audit   '@firebase/auth-compat': [ '0.6.5' ],
19 silly audit   '@firebase/auth-interop-types': [ '0.2.4' ],
19 silly audit   '@firebase/auth-types': [ '0.13.0' ],
19 silly audit   '@firebase/component': [ '0.7.2' ],
19 silly audit   '@firebase/data-connect': [ '0.6.0' ],
19 silly audit   '@firebase/database': [ '1.1.2' ],
19 silly audit   '@firebase/database-compat': [ '2.1.3' ],
19 silly audit   '@firebase/database-types': [ '1.0.19' ],
19 silly audit   '@firebase/firestore': [ '4.14.0' ],
19 silly audit   '@firebase/firestore-compat': [ '0.4.8' ],
19 silly audit   '@firebase/firestore-types': [ '3.0.3' ],
19 silly audit   '@firebase/functions': [ '0.13.3' ],
19 silly audit   '@firebase/functions-compat': [ '0.4.3' ],
19 silly audit   '@firebase/functions-types': [ '0.6.3' ],
19 silly audit   '@firebase/installations': [ '0.6.21' ],
19 silly audit   '@firebase/installations-compat': [ '0.2.21' ],
19 silly audit   '@firebase/installations-types': [ '0.5.3' ],
19 silly audit   '@firebase/logger': [ '0.5.0' ],
19 silly audit   '@firebase/messaging': [ '0.12.25' ],
19 silly audit   '@firebase/messaging-compat': [ '0.2.25' ],
19 silly audit   '@firebase/messaging-interop-types': [ '0.2.3' ],
19 silly audit   '@firebase/performance': [ '0.7.11' ],
19 silly audit   '@firebase/performance-compat': [ '0.2.24' ],
19 silly audit   '@firebase/performance-types': [ '0.2.3' ],
19 silly audit   '@firebase/remote-config': [ '0.8.2' ],
19 silly audit   '@firebase/remote-config-compat': [ '0.2.23' ],
19 silly audit   '@firebase/remote-config-types': [ '0.5.0' ],
19 silly audit   '@firebase/storage': [ '0.14.2' ],
19 silly audit   '@firebase/storage-compat': [ '0.4.2' ],
19 silly audit   '@firebase/storage-types': [ '0.8.3' ],
19 silly audit   '@firebase/util': [ '1.15.0' ],
19 silly audit   '@firebase/webchannel-wrapper': [ '1.0.5' ],
19 silly audit   '@grpc/grpc-js': [ '1.9.15' ],
19 silly audit   '@grpc/proto-loader': [ '0.7.15' ],
19 silly audit   '@protobufjs/aspromise': [ '1.1.2' ],
19 silly audit   '@protobufjs/base64': [ '1.1.2' ],
19 silly audit   '@protobufjs/codegen': [ '2.0.4' ],
19 silly audit   '@protobufjs/eventemitter': [ '1.1.0' ],
19 silly audit   '@protobufjs/fetch': [ '1.1.0' ],
19 silly audit   '@protobufjs/float': [ '1.0.2' ],
19 silly audit   '@protobufjs/inquire': [ '1.1.0' ],
19 silly audit   '@protobufjs/path': [ '1.1.2' ],
19 silly audit   '@protobufjs/pool': [ '1.1.0' ],
19 silly audit   '@protobufjs/utf8': [ '1.1.0' ],
19 silly audit   '@types/node': [ '25.6.0' ],
19 silly audit   'ansi-regex': [ '5.0.1' ],
19 silly audit   'ansi-styles': [ '4.3.0' ],
19 silly audit   cliui: [ '8.0.1' ],
19 silly audit   'color-convert': [ '2.0.1' ],
19 silly audit   'color-name': [ '1.1.4' ],
19 silly audit   'emoji-regex': [ '8.0.0' ],
19 silly audit   escalade: [ '3.2.0' ],
19 silly audit   'faye-websocket': [ '0.11.4' ],
19 silly audit   firebase: [ '12.12.1' ],
19 silly audit   'get-caller-file': [ '2.0.5' ],
19 silly audit   'http-parser-js': [ '0.5.10' ],
19 silly audit   idb: [ '7.1.1' ],
19 silly audit   'is-fullwidth-code-point': [ '3.0.0' ],
19 silly audit   'lodash.camelcase': [ '4.3.0' ],
19 silly audit   long: [ '5.3.2' ],
19 silly audit   protobufjs: [ '7.5.5' ],
19 silly audit   'require-directory': [ '2.1.1' ],
19 silly audit   'safe-buffer': [ '5.2.1' ],
19 silly audit   'string-width': [ '4.2.3' ],
19 silly audit   'strip-ansi': [ '6.0.1' ],
19 silly audit   tslib: [ '2.8.1' ],
19 silly audit   'undici-types': [ '7.19.2' ],
19 silly audit   'web-vitals': [ '4.2.4' ],
19 silly audit   'websocket-driver': [ '0.7.4' ],
19 silly audit   'websocket-extensions': [ '0.1.4' ],
19 silly audit   'wrap-ansi': [ '7.0.0' ],
19 silly audit   y18n: [ '5.0.8' ],
19 silly audit   yargs: [ '17.7.2' ],
19 silly audit   'yargs-parser': [ '21.1.1' ]
19 silly audit }
20 http fetch POST 200 https://registry.npmjs.org/-/npm/v1/security/advisories/bulk 1235ms
21 silly audit report {}
22 verbose cwd /data/data/com.termux/files/home
23 verbose os Linux 4.19.127-ga063971dce66-dirty
24 verbose node v25.8.1
25 verbose npm  v11.13.0
26 verbose exit 0
27 info ok
