0 verbose cli /data/data/com.termux/files/usr/bin/node /data/data/com.termux/files/usr/bin/npm
1 info using npm@11.13.0
2 info using node@v25.8.1
3 silly config load:file:/data/data/com.termux/files/usr/lib/node_modules/npm/npmrc
4 silly config load:file:/data/data/com.termux/files/home/functions/.npmrc
5 silly config load:file:/data/data/com.termux/files/home/.npmrc
6 silly config load:file:/data/data/com.termux/files/usr/etc/npmrc
7 verbose title npm install typescript tsx
8 verbose argv "install" "typescript" "tsx" "--save-dev"
9 verbose logfile logs-max:10 dir:/data/data/com.termux/files/home/.npm/_logs/2026-04-23T04_56_32_631Z-
10 verbose logfile /data/data/com.termux/files/home/.npm/_logs/2026-04-23T04_56_32_631Z-debug-0.log
11 silly logfile start cleaning logs, removing 1 files
12 silly packumentCache heap:1096286208 maxSize:274071552 maxEntrySize:137035776
13 silly logfile done cleaning log files
14 silly idealTree buildDeps
15 silly fetch manifest typescript@^6.0.0
16 silly packumentCache full:https://registry.npmjs.org/typescript cache-miss
17 http fetch GET 200 https://registry.npmjs.org/typescript 4986ms (cache revalidated)
18 silly packumentCache full:https://registry.npmjs.org/typescript set size:15409943 disposed:false
19 silly fetch manifest tsx@*
20 silly packumentCache full:https://registry.npmjs.org/tsx cache-miss
21 http cache https://registry.npmjs.org/tsx 51ms (cache hit)
22 silly packumentCache full:https://registry.npmjs.org/tsx set size:289592 disposed:false
23 silly placeDep ROOT tsx@4.21.0 REPLACE for:  want: *
24 silly placeDep ROOT typescript@6.0.3 REPLACE for:  want: ^6.0.0
25 warn EBADENGINE Unsupported engine {
25 warn EBADENGINE   package: undefined,
25 warn EBADENGINE   required: { node: '24' },
25 warn EBADENGINE   current: { node: 'v25.8.1', npm: '11.13.0' }
25 warn EBADENGINE }
26 silly reify moves {}
27 silly audit bulk request {
27 silly audit   '@asteasolutions/zod-to-openapi': [ '7.3.4' ],
27 silly audit   '@babel/code-frame': [ '7.29.0' ],
27 silly audit   '@babel/compat-data': [ '7.29.0' ],
27 silly audit   '@babel/core': [ '7.29.0' ],
27 silly audit   semver: [ '6.3.1', '7.7.4' ],
27 silly audit   '@babel/generator': [ '7.29.1' ],
27 silly audit   '@babel/helper-compilation-targets': [ '7.28.6' ],
27 silly audit   '@babel/helper-globals': [ '7.28.0' ],
27 silly audit   '@babel/helper-module-imports': [ '7.28.6' ],
27 silly audit   '@babel/helper-module-transforms': [ '7.28.6' ],
27 silly audit   '@babel/helper-plugin-utils': [ '7.28.6' ],
27 silly audit   '@babel/helper-string-parser': [ '7.27.1' ],
27 silly audit   '@babel/helper-validator-identifier': [ '7.28.5' ],
27 silly audit   '@babel/helper-validator-option': [ '7.27.1' ],
27 silly audit   '@babel/helpers': [ '7.29.2' ],
27 silly audit   '@babel/parser': [ '7.29.2' ],
27 silly audit   '@babel/plugin-syntax-async-generators': [ '7.8.4' ],
27 silly audit   '@babel/plugin-syntax-bigint': [ '7.8.3' ],
27 silly audit   '@babel/plugin-syntax-class-properties': [ '7.12.13' ],
27 silly audit   '@babel/plugin-syntax-class-static-block': [ '7.14.5' ],
27 silly audit   '@babel/plugin-syntax-import-attributes': [ '7.28.6' ],
27 silly audit   '@babel/plugin-syntax-import-meta': [ '7.10.4' ],
27 silly audit   '@babel/plugin-syntax-json-strings': [ '7.8.3' ],
27 silly audit   '@babel/plugin-syntax-jsx': [ '7.28.6' ],
27 silly audit   '@babel/plugin-syntax-logical-assignment-operators': [ '7.10.4' ],
27 silly audit   '@babel/plugin-syntax-nullish-coalescing-operator': [ '7.8.3' ],
27 silly audit   '@babel/plugin-syntax-numeric-separator': [ '7.10.4' ],
27 silly audit   '@babel/plugin-syntax-object-rest-spread': [ '7.8.3' ],
27 silly audit   '@babel/plugin-syntax-optional-catch-binding': [ '7.8.3' ],
27 silly audit   '@babel/plugin-syntax-optional-chaining': [ '7.8.3' ],
27 silly audit   '@babel/plugin-syntax-private-property-in-object': [ '7.14.5' ],
27 silly audit   '@babel/plugin-syntax-top-level-await': [ '7.14.5' ],
27 silly audit   '@babel/plugin-syntax-typescript': [ '7.28.6' ],
27 silly audit   '@babel/template': [ '7.28.6' ],
27 silly audit   '@babel/traverse': [ '7.29.0' ],
27 silly audit   '@babel/types': [ '7.29.0' ],
27 silly audit   '@bcoe/v8-coverage': [ '0.2.3' ],
27 silly audit   '@cfworker/json-schema': [ '4.1.1' ],
27 silly audit   '@colors/colors': [ '1.6.0' ],
27 silly audit   '@dabh/diagnostics': [ '2.0.8' ],
27 silly audit   '@emnapi/core': [ '1.10.0' ],
27 silly audit   '@emnapi/runtime': [ '1.10.0' ],
27 silly audit   '@emnapi/wasi-threads': [ '1.2.1' ],
27 silly audit   '@esbuild/aix-ppc64': [ '0.27.7' ],
27 silly audit   '@esbuild/android-arm': [ '0.27.7' ],
27 silly audit   '@esbuild/android-arm64': [ '0.27.7' ],
27 silly audit   '@esbuild/android-x64': [ '0.27.7' ],
27 silly audit   '@esbuild/darwin-arm64': [ '0.27.7' ],
27 silly audit   '@esbuild/darwin-x64': [ '0.27.7' ],
27 silly audit   '@esbuild/freebsd-arm64': [ '0.27.7' ],
27 silly audit   '@esbuild/freebsd-x64': [ '0.27.7' ],
27 silly audit   '@esbuild/linux-arm': [ '0.27.7' ],
27 silly audit   '@esbuild/linux-arm64': [ '0.27.7' ],
27 silly audit   '@esbuild/linux-ia32': [ '0.27.7' ],
27 silly audit   '@esbuild/linux-loong64': [ '0.27.7' ],
27 silly audit   '@esbuild/linux-mips64el': [ '0.27.7' ],
27 silly audit   '@esbuild/linux-ppc64': [ '0.27.7' ],
27 silly audit   '@esbuild/linux-riscv64': [ '0.27.7' ],
27 silly audit   '@esbuild/linux-s390x': [ '0.27.7' ],
27 silly audit   '@esbuild/linux-x64': [ '0.27.7' ],
27 silly audit   '@esbuild/netbsd-arm64': [ '0.27.7' ],
27 silly audit   '@esbuild/netbsd-x64': [ '0.27.7' ],
27 silly audit   '@esbuild/openbsd-arm64': [ '0.27.7' ],
27 silly audit   '@esbuild/openbsd-x64': [ '0.27.7' ],
27 silly audit   '@esbuild/openharmony-arm64': [ '0.27.7' ],
27 silly audit   '@esbuild/sunos-x64': [ '0.27.7' ],
27 silly audit   '@esbuild/win32-arm64': [ '0.27.7' ],
27 silly audit   '@esbuild/win32-ia32': [ '0.27.7' ],
27 silly audit   '@esbuild/win32-x64': [ '0.27.7' ],
27 silly audit   '@eslint-community/eslint-utils': [ '4.9.1' ],
27 silly audit   '@eslint-community/regexpp': [ '4.12.2' ],
27 silly audit   '@eslint/eslintrc': [ '2.1.4' ],
27 silly audit   '@eslint/js': [ '8.57.1' ],
27 silly audit   '@fastify/busboy': [ '3.2.0' ],
27 silly audit   '@firebase/app-check-interop-types': [ '0.3.3' ],
27 silly audit   '@firebase/app-types': [ '0.9.4' ],
27 silly audit   '@firebase/auth-interop-types': [ '0.2.4' ],
27 silly audit   '@firebase/component': [ '0.7.2' ],
27 silly audit   '@firebase/database': [ '1.1.2' ],
27 silly audit   '@firebase/database-compat': [ '2.1.3' ],
27 silly audit   '@firebase/database-types': [ '1.0.19' ],
27 silly audit   '@firebase/logger': [ '0.5.0' ],
27 silly audit   '@firebase/util': [ '1.15.0' ],
27 silly audit   '@genkit-ai/ai': [ '1.32.0' ],
27 silly audit   '@types/node': [ '20.19.39', '25.6.0' ],
27 silly audit   'node-fetch': [ '3.3.2', '2.7.0' ],
27 silly audit   'undici-types': [ '6.21.0', '7.19.2' ],
27 silly audit   uuid: [ '10.0.0', '9.0.1', '8.3.2', '11.1.0' ],
27 silly audit   '@genkit-ai/core': [ '1.32.0' ],
27 silly audit   accepts: [ '1.3.8', '2.0.0' ],
27 silly audit   ajv: [ '8.18.0', '6.14.0' ],
27 silly audit   'content-disposition': [ '0.5.4', '1.1.0' ],
27 silly audit   'cookie-signature': [ '1.0.7', '1.2.2' ],
27 silly audit   debug: [ '2.6.9', '4.4.3', '3.2.7' ],
27 silly audit   ms: [ '2.0.0', '2.1.3' ],
27 silly audit   express: [ '4.22.1', '5.2.1' ],
27 silly audit   finalhandler: [ '1.3.2', '2.1.1' ],
27 silly audit   fresh: [ '0.5.2', '2.0.0' ],
27 silly audit   'json-schema-traverse': [ '1.0.0', '0.4.1' ],
27 silly audit   'merge-descriptors': [ '1.0.3', '2.0.0' ],
27 silly audit   mime: [ '1.6.0', '3.0.0' ],
27 silly audit   negotiator: [ '0.6.3', '1.0.0' ],
27 silly audit   send: [ '0.19.2', '1.2.1' ],
27 silly audit   'serve-static': [ '1.16.3', '2.2.1' ],
27 silly audit   '@genkit-ai/firebase': [ '1.32.0' ],
27 silly audit   '@genkit-ai/google-cloud': [ '1.32.0' ],
27 silly audit   'gcp-metadata': [ '6.1.1', '8.1.2' ],
27 silly audit   'google-auth-library': [ '9.15.1', '10.6.2' ],
27 silly audit   'google-logging-utils': [ '0.0.2', '1.1.3' ],
27 silly audit   '@genkit-ai/google-genai': [ '1.32.0' ],
27 silly audit   '@genkit-ai/telemetry-server': [ '1.32.0' ],
27 silly audit   '@genkit-ai/tools-common': [ '1.32.0' ],
27 silly audit   '@google-cloud/common': [ '5.0.2' ],
27 silly audit   '@google-cloud/firestore': [ '7.11.6' ],
27 silly audit   '@google-cloud/logging': [ '11.2.1' ],
27 silly audit   '@google-cloud/logging-winston': [ '6.0.1' ],
27 silly audit   'dot-prop': [ '6.0.1', '5.3.0' ],
27 silly audit   '@google-cloud/modelarmor': [ '0.4.1' ],
27 silly audit   '@grpc/proto-loader': [ '0.8.0', '0.7.15' ],
27 silly audit   'google-gax': [ '5.0.6', '4.6.1' ],
27 silly audit   'http-proxy-agent': [ '7.0.2', '5.0.0' ],
27 silly audit   'proto3-json-serializer': [ '3.0.4', '2.0.2' ],
27 silly audit   'retry-request': [ '8.0.2', '7.0.2' ],
27 silly audit   rimraf: [ '5.0.10', '3.0.2' ],
27 silly audit   'teeny-request': [ '10.1.2', '9.0.0' ],
27 silly audit   '@google-cloud/opentelemetry-cloud-monitoring-exporter': [ '0.19.0' ],
27 silly audit   '@google-cloud/opentelemetry-cloud-trace-exporter': [ '2.4.1' ],
27 silly audit   '@google-cloud/opentelemetry-resource-util': [ '2.4.0' ],
27 silly audit   '@google-cloud/paginator': [ '5.0.2' ],
27 silly audit   '@google-cloud/precise-date': [ '4.0.0' ],
27 silly audit   '@google-cloud/projectify': [ '4.0.0' ],
27 silly audit   '@google-cloud/promisify': [ '4.0.0' ],
27 silly audit   '@google-cloud/storage': [ '7.19.0' ],
27 silly audit   '@grpc/grpc-js': [ '1.14.3' ],
27 silly audit   '@hono/node-server': [ '1.19.14' ],
27 silly audit   '@humanwhocodes/config-array': [ '0.13.0' ],
27 silly audit   '@humanwhocodes/module-importer': [ '1.0.1' ],
27 silly audit   '@humanwhocodes/object-schema': [ '2.0.3' ],
27 silly audit   '@inquirer/ansi': [ '1.0.2' ],
27 silly audit   '@inquirer/checkbox': [ '4.3.2' ],
27 silly audit   '@inquirer/confirm': [ '5.1.21' ],
27 silly audit   '@inquirer/core': [ '10.3.2' ],
27 silly audit   'emoji-regex': [ '8.0.0', '9.2.2' ],
27 silly audit   'string-width': [ '4.2.3', '5.1.2' ],
27 silly audit   'wrap-ansi': [ '6.2.0', '7.0.0', '8.1.0' ],
27 silly audit   '@inquirer/editor': [ '4.2.23' ],
27 silly audit   '@inquirer/expand': [ '4.0.23' ],
27 silly audit   '@inquirer/external-editor': [ '1.0.3' ],
27 silly audit   'iconv-lite': [ '0.7.2', '0.4.24' ],
27 silly audit   '@inquirer/figures': [ '1.0.15' ],
27 silly audit   '@inquirer/input': [ '4.3.1' ],
27 silly audit   '@inquirer/number': [ '3.0.23' ],
27 silly audit   '@inquirer/password': [ '4.0.23' ],
27 silly audit   '@inquirer/prompts': [ '7.10.1' ],
27 silly audit   '@inquirer/rawlist': [ '4.1.11' ],
27 silly audit   '@inquirer/search': [ '3.2.2' ],
27 silly audit   '@inquirer/select': [ '4.4.2' ],
27 silly audit   '@inquirer/type': [ '3.0.10' ],
27 silly audit   '@isaacs/cliui': [ '8.0.2' ],
27 silly audit   'ansi-regex': [ '6.2.2', '5.0.1' ],
27 silly audit   'strip-ansi': [ '7.2.0', '6.0.1' ],
27 silly audit   '@istanbuljs/load-nyc-config': [ '1.1.0' ],
27 silly audit   argparse: [ '1.0.10', '2.0.1' ],
27 silly audit   'find-up': [ '4.1.0', '5.0.0' ],
27 silly audit   'js-yaml': [ '3.14.2', '4.1.1' ],
27 silly audit   'locate-path': [ '5.0.0', '6.0.0' ],
27 silly audit   'p-limit': [ '2.3.0', '3.1.0' ],
27 silly audit   'p-locate': [ '4.1.0', '5.0.0' ],
27 silly audit   'resolve-from': [ '5.0.0', '4.0.0' ],
27 silly audit   '@istanbuljs/schema': [ '0.1.6' ],
27 silly audit   '@jest/console': [ '30.3.0' ],
27 silly audit   '@jest/core': [ '30.3.0' ],
27 silly audit   '@jest/diff-sequences': [ '30.3.0' ],
27 silly audit   '@jest/environment': [ '30.3.0' ],
27 silly audit   '@jest/expect': [ '30.3.0' ],
27 silly audit   '@jest/expect-utils': [ '30.3.0' ],
27 silly audit   '@jest/fake-timers': [ '30.3.0' ],
27 silly audit   '@jest/get-type': [ '30.1.0' ],
27 silly audit   '@jest/globals': [ '30.3.0' ],
27 silly audit   '@jest/pattern': [ '30.0.1' ],
27 silly audit   '@jest/reporters': [ '30.3.0' ],
27 silly audit   '@jest/schemas': [ '30.0.5' ],
27 silly audit   '@jest/snapshot-utils': [ '30.3.0' ],
27 silly audit   '@jest/source-map': [ '30.0.1' ],
27 silly audit   '@jest/test-result': [ '30.3.0' ],
27 silly audit   '@jest/test-sequencer': [ '30.3.0' ],
27 silly audit   '@jest/transform': [ '30.3.0' ],
27 silly audit   '@jest/types': [ '30.3.0' ],
27 silly audit   '@jridgewell/gen-mapping': [ '0.3.13' ],
27 silly audit   '@jridgewell/remapping': [ '2.3.5' ],
27 silly audit   '@jridgewell/resolve-uri': [ '3.1.2' ],
27 silly audit   '@jridgewell/sourcemap-codec': [ '1.5.5' ],
27 silly audit   '@jridgewell/trace-mapping': [ '0.3.31' ],
27 silly audit   '@js-sdsl/ordered-map': [ '4.4.2' ],
27 silly audit   '@jsep-plugin/assignment': [ '1.3.0' ],
27 silly audit   '@jsep-plugin/regex': [ '1.0.4' ],
27 silly audit   '@modelcontextprotocol/sdk': [ '1.29.0' ],
27 silly audit   jose: [ '6.2.2', '4.15.9' ],
27 silly audit   'raw-body': [ '3.0.2', '2.5.3' ],
27 silly audit   '@napi-rs/wasm-runtime': [ '0.2.12' ],
27 silly audit   '@nodable/entities': [ '2.1.0' ],
27 silly audit   '@nodelib/fs.scandir': [ '2.1.5' ],
27 silly audit   '@nodelib/fs.stat': [ '2.0.5' ],
27 silly audit   '@nodelib/fs.walk': [ '1.2.8' ],
27 silly audit   '@opentelemetry/api': [ '1.9.1' ],
27 silly audit   '@opentelemetry/api-logs': [ '0.52.1' ],
27 silly audit   '@opentelemetry/auto-instrumentations-node': [ '0.49.2' ],
27 silly audit   '@opentelemetry/context-async-hooks': [ '1.25.1' ],
27 silly audit   '@opentelemetry/core': [ '1.25.1', '1.30.1' ],
27 silly audit   '@opentelemetry/exporter-trace-otlp-grpc': [ '0.52.1' ],
27 silly audit   '@opentelemetry/exporter-trace-otlp-http': [ '0.52.1' ],
27 silly audit   '@opentelemetry/exporter-trace-otlp-proto': [ '0.52.1' ],
27 silly audit   '@opentelemetry/exporter-zipkin': [ '1.25.1' ],
27 silly audit   '@opentelemetry/instrumentation': [ '0.52.1' ],
27 silly audit   '@opentelemetry/instrumentation-amqplib': [ '0.41.0' ],
27 silly audit   '@opentelemetry/instrumentation-aws-lambda': [ '0.43.0' ],
27 silly audit   '@opentelemetry/instrumentation-aws-sdk': [ '0.43.1' ],
27 silly audit   '@opentelemetry/instrumentation-bunyan': [ '0.40.0' ],
27 silly audit   '@opentelemetry/instrumentation-cassandra-driver': [ '0.40.0' ],
27 silly audit   '@opentelemetry/instrumentation-connect': [ '0.38.0' ],
27 silly audit   '@types/connect': [ '3.4.36', '3.4.38' ],
27 silly audit   '@opentelemetry/instrumentation-cucumber': [ '0.8.0' ],
27 silly audit   '@opentelemetry/instrumentation-dataloader': [ '0.11.0' ],
27 silly audit   '@opentelemetry/instrumentation-dns': [ '0.38.0' ],
27 silly audit   '@opentelemetry/instrumentation-express': [ '0.41.1' ],
27 silly audit   '@opentelemetry/instrumentation-fastify': [ '0.38.0' ],
27 silly audit   '@opentelemetry/instrumentation-fs': [ '0.14.0' ],
27 silly audit   '@opentelemetry/instrumentation-generic-pool': [ '0.38.1' ],
27 silly audit   '@opentelemetry/instrumentation-graphql': [ '0.42.0' ],
27 silly audit   '@opentelemetry/instrumentation-grpc': [ '0.52.1' ],
27 silly audit   '@opentelemetry/instrumentation-hapi': [ '0.40.0' ],
27 silly audit   '@opentelemetry/instrumentation-http': [ '0.52.1' ],
27 silly audit   '@opentelemetry/instrumentation-ioredis': [ '0.42.0' ],
27 silly audit   '@opentelemetry/instrumentation-kafkajs': [ '0.2.0' ],
27 silly audit   '@opentelemetry/instrumentation-knex': [ '0.39.0' ],
27 silly audit   '@opentelemetry/instrumentation-koa': [ '0.42.0' ],
27 silly audit   '@opentelemetry/instrumentation-lru-memoizer': [ '0.39.0' ],
27 silly audit   '@opentelemetry/instrumentation-memcached': [ '0.38.0' ],
27 silly audit   '@opentelemetry/instrumentation-mongodb': [ '0.46.0' ],
27 silly audit   '@opentelemetry/instrumentation-mongoose': [ '0.41.0' ],
27 silly audit   '@opentelemetry/instrumentation-mysql': [ '0.40.0' ],
27 silly audit   '@opentelemetry/instrumentation-mysql2': [ '0.40.0' ],
27 silly audit   '@opentelemetry/instrumentation-nestjs-core': [ '0.39.0' ],
27 silly audit   '@opentelemetry/instrumentation-net': [ '0.38.0' ],
27 silly audit   '@opentelemetry/instrumentation-pg': [ '0.43.0' ],
27 silly audit   '@opentelemetry/instrumentation-pino': [ '0.41.0' ],
27 silly audit   '@opentelemetry/instrumentation-redis': [ '0.41.0' ],
27 silly audit   '@opentelemetry/instrumentation-redis-4': [ '0.41.1' ],
27 silly audit   '@opentelemetry/instrumentation-restify': [ '0.40.0' ],
27 silly audit   '@opentelemetry/instrumentation-router': [ '0.39.0' ],
27 silly audit   '@opentelemetry/instrumentation-socket.io': [ '0.41.0' ],
27 silly audit   '@opentelemetry/instrumentation-tedious': [ '0.13.0' ],
27 silly audit   '@opentelemetry/instrumentation-undici': [ '0.5.0' ],
27 silly audit   '@opentelemetry/instrumentation-winston': [ '0.39.0' ],
27 silly audit   '@opentelemetry/otlp-exporter-base': [ '0.52.1' ],
27 silly audit   '@opentelemetry/otlp-grpc-exporter-base': [ '0.52.1' ],
27 silly audit   '@opentelemetry/otlp-transformer': [ '0.52.1' ],
27 silly audit   '@opentelemetry/propagation-utils': [ '0.30.16' ],
27 silly audit   '@opentelemetry/propagator-aws-xray': [ '1.26.2' ],
27 silly audit   '@opentelemetry/propagator-b3': [ '1.25.1' ],
27 silly audit   '@opentelemetry/propagator-jaeger': [ '1.25.1' ],
27 silly audit   '@opentelemetry/redis-common': [ '0.36.2' ],
27 silly audit   '@opentelemetry/resource-detector-alibaba-cloud': [ '0.29.7' ],
27 silly audit   '@opentelemetry/semantic-conventions': [ '1.28.0', '1.40.0', '1.25.1' ],
27 silly audit   '@opentelemetry/resource-detector-aws': [ '1.12.0' ],
27 silly audit   '@opentelemetry/resource-detector-azure': [ '0.2.12' ],
27 silly audit   '@opentelemetry/resource-detector-container': [ '0.4.4' ],
27 silly audit   '@opentelemetry/resource-detector-gcp': [ '0.29.13' ],
27 silly audit   '@opentelemetry/resources': [ '1.25.1' ],
27 silly audit   '@opentelemetry/sdk-logs': [ '0.52.1' ],
27 silly audit   '@opentelemetry/sdk-metrics': [ '1.25.1' ],
27 silly audit   '@opentelemetry/sdk-node': [ '0.52.1' ],
27 silly audit   '@opentelemetry/sdk-trace-base': [ '1.25.1' ],
27 silly audit   '@opentelemetry/sdk-trace-node': [ '1.25.1' ],
27 silly audit   '@opentelemetry/sql-common': [ '0.40.1' ],
27 silly audit   '@pkgjs/parseargs': [ '0.11.0' ],
27 silly audit   '@pkgr/core': [ '0.2.9' ],
27 silly audit   '@protobufjs/aspromise': [ '1.1.2' ],
27 silly audit   '@protobufjs/base64': [ '1.1.2' ],
27 silly audit   '@protobufjs/codegen': [ '2.0.4' ],
27 silly audit   '@protobufjs/eventemitter': [ '1.1.0' ],
27 silly audit   '@protobufjs/fetch': [ '1.1.0' ],
27 silly audit   '@protobufjs/float': [ '1.0.2' ],
27 silly audit   '@protobufjs/inquire': [ '1.1.0' ],
27 silly audit   '@protobufjs/path': [ '1.1.2' ],
27 silly audit   '@protobufjs/pool': [ '1.1.0' ],
27 silly audit   '@protobufjs/utf8': [ '1.1.0' ],
27 silly audit   '@rtsao/scc': [ '1.1.0' ],
27 silly audit   '@sinclair/typebox': [ '0.34.49' ],
27 silly audit   '@sinonjs/commons': [ '3.0.1' ],
27 silly audit   '@sinonjs/fake-timers': [ '15.3.2' ],
27 silly audit   '@so-ric/colorspace': [ '1.1.6' ],
27 silly audit   '@tootallnate/once': [ '2.0.0' ],
27 silly audit   '@trpc/server': [ '10.45.4' ],
27 silly audit   '@tybys/wasm-util': [ '0.10.1' ],
27 silly audit   '@types/aws-lambda': [ '8.10.122' ],
27 silly audit   '@types/babel__core': [ '7.20.5' ],
27 silly audit   '@types/babel__generator': [ '7.27.0' ],
27 silly audit   '@types/babel__template': [ '7.4.4' ],
27 silly audit   '@types/babel__traverse': [ '7.28.0' ],
27 silly audit   '@types/body-parser': [ '1.19.6' ],
27 silly audit   '@types/bunyan': [ '1.8.9' ],
27 silly audit   '@types/caseless': [ '0.12.5' ],
27 silly audit   '@types/cors': [ '2.8.19' ],
27 silly audit   '@types/express': [ '4.17.25' ],
27 silly audit   '@types/express-serve-static-core': [ '4.19.8' ],
27 silly audit   '@types/http-errors': [ '2.0.5' ],
27 silly audit   '@types/istanbul-lib-coverage': [ '2.0.6' ],
27 silly audit   '@types/istanbul-lib-report': [ '3.0.3' ],
27 silly audit   '@types/istanbul-reports': [ '3.0.4' ],
27 silly audit   '@types/json-schema': [ '7.0.15' ],
27 silly audit   '@types/json5': [ '0.0.29' ],
27 silly audit   '@types/jsonwebtoken': [ '9.0.10' ],
27 silly audit   '@types/lodash': [ '4.17.24' ],
27 silly audit   '@types/long': [ '4.0.2' ],
27 silly audit   '@types/memcached': [ '2.2.10' ],
27 silly audit   '@types/mime': [ '1.3.5' ],
27 silly audit   '@types/ms': [ '2.1.0' ],
27 silly audit   '@types/mysql': [ '2.15.22' ],
27 silly audit   '@types/pg': [ '8.6.1' ],
27 silly audit   '@types/pg-pool': [ '2.0.4' ],
27 silly audit   '@types/qs': [ '6.15.0' ],
27 silly audit   '@types/range-parser': [ '1.2.7' ],
27 silly audit   '@types/request': [ '2.48.13' ],
27 silly audit   '@types/semver': [ '7.7.1' ],
27 silly audit   '@types/send': [ '1.2.1', '0.17.6' ],
27 silly audit   '@types/serve-static': [ '1.15.10' ],
27 silly audit   '@types/shimmer': [ '1.2.0' ],
27 silly audit   '@types/stack-utils': [ '2.0.3' ],
27 silly audit   '@types/tedious': [ '4.0.14' ],
27 silly audit   '@types/tough-cookie': [ '4.0.5' ],
27 silly audit   '@types/triple-beam': [ '1.3.5' ],
27 silly audit   '@types/yargs': [ '17.0.35' ],
27 silly audit   '@types/yargs-parser': [ '21.0.3' ],
27 silly audit   '@types/yauzl': [ '2.10.3' ],
27 silly audit   '@typescript-eslint/eslint-plugin': [ '5.62.0' ],
27 silly audit   '@typescript-eslint/parser': [ '5.62.0' ],
27 silly audit   '@typescript-eslint/scope-manager': [ '5.62.0' ],
27 silly audit   '@typescript-eslint/type-utils': [ '5.62.0' ],
27 silly audit   '@typescript-eslint/types': [ '5.62.0' ],
27 silly audit   '@typescript-eslint/typescript-estree': [ '5.62.0' ],
27 silly audit   '@typescript-eslint/utils': [ '5.62.0' ],
27 silly audit   '@typescript-eslint/visitor-keys': [ '5.62.0' ],
27 silly audit   '@ungap/structured-clone': [ '1.3.0' ],
27 silly audit   '@unrs/resolver-binding-android-arm-eabi': [ '1.11.1' ],
27 silly audit   '@unrs/resolver-binding-android-arm64': [ '1.11.1' ],
27 silly audit   '@unrs/resolver-binding-darwin-arm64': [ '1.11.1' ],
27 silly audit   '@unrs/resolver-binding-darwin-x64': [ '1.11.1' ],
27 silly audit   '@unrs/resolver-binding-freebsd-x64': [ '1.11.1' ],
27 silly audit   '@unrs/resolver-binding-linux-arm-gnueabihf': [ '1.11.1' ],
27 silly audit   '@unrs/resolver-binding-linux-arm-musleabihf': [ '1.11.1' ],
27 silly audit   '@unrs/resolver-binding-linux-arm64-gnu': [ '1.11.1' ],
27 silly audit   '@unrs/resolver-binding-linux-arm64-musl': [ '1.11.1' ],
27 silly audit   '@unrs/resolver-binding-linux-ppc64-gnu': [ '1.11.1' ],
27 silly audit   '@unrs/resolver-binding-linux-riscv64-gnu': [ '1.11.1' ],
27 silly audit   '@unrs/resolver-binding-linux-riscv64-musl': [ '1.11.1' ],
27 silly audit   '@unrs/resolver-binding-linux-s390x-gnu': [ '1.11.1' ],
27 silly audit   '@unrs/resolver-binding-linux-x64-gnu': [ '1.11.1' ],
27 silly audit   '@unrs/resolver-binding-linux-x64-musl': [ '1.11.1' ],
27 silly audit   '@unrs/resolver-binding-wasm32-wasi': [ '1.11.1' ],
27 silly audit   '@unrs/resolver-binding-win32-arm64-msvc': [ '1.11.1' ],
27 silly audit   '@unrs/resolver-binding-win32-ia32-msvc': [ '1.11.1' ],
27 silly audit   '@unrs/resolver-binding-win32-x64-msvc': [ '1.11.1' ],
27 silly audit   'abort-controller': [ '3.0.0' ],
27 silly audit   'mime-db': [ '1.54.0', '1.52.0' ],
27 silly audit   'mime-types': [ '3.0.2', '2.1.35' ],
27 silly audit   acorn: [ '8.16.0' ],
27 silly audit   'acorn-import-attributes': [ '1.9.5' ],
27 silly audit   'acorn-jsx': [ '5.3.2' ],
27 silly audit   'adm-zip': [ '0.5.17' ],
27 silly audit   'agent-base': [ '7.1.4', '6.0.2' ],
27 silly audit   'ajv-formats': [ '3.0.1' ],
27 silly audit   'ansi-escapes': [ '4.3.2' ],
27 silly audit   'type-fest': [ '0.21.3', '0.20.2' ],
27 silly audit   'ansi-styles': [ '4.3.0', '5.2.0', '6.2.3' ],
27 silly audit   anymatch: [ '3.1.3' ],
27 silly audit   picomatch: [ '2.3.2', '4.0.4' ],
27 silly audit   'array-buffer-byte-length': [ '1.0.2' ],
27 silly audit   'array-flatten': [ '1.1.1' ],
27 silly audit   'array-includes': [ '3.1.9' ],
27 silly audit   'array-union': [ '2.1.0' ],
27 silly audit   'array.prototype.findlastindex': [ '1.2.6' ],
27 silly audit   'array.prototype.flat': [ '1.3.3' ],
27 silly audit   'array.prototype.flatmap': [ '1.3.3' ],
27 silly audit   'arraybuffer.prototype.slice': [ '1.0.4' ],
27 silly audit   arrify: [ '2.0.1' ],
27 silly audit   async: [ '3.2.6' ],
27 silly audit   'async-function': [ '1.0.0' ],
27 silly audit   'async-mutex': [ '0.5.0' ],
27 silly audit   'async-retry': [ '1.3.3' ],
27 silly audit   asynckit: [ '0.4.0' ],
27 silly audit   'available-typed-arrays': [ '1.0.7' ],
27 silly audit   axios: [ '1.15.2' ],
27 silly audit   'form-data': [ '4.0.5', '2.5.5' ],
27 silly audit   'babel-jest': [ '30.3.0' ],
27 silly audit   'babel-plugin-istanbul': [ '7.0.1' ],
27 silly audit   'babel-plugin-jest-hoist': [ '30.3.0' ],
27 silly audit   'babel-preset-current-node-syntax': [ '1.2.0' ],
27 silly audit   'babel-preset-jest': [ '30.3.0' ],
27 silly audit   'balanced-match': [ '1.0.2' ],
27 silly audit   'base64-js': [ '1.5.1' ],
27 silly audit   'baseline-browser-mapping': [ '2.10.21' ],
27 silly audit   'bignumber.js': [ '9.3.1' ],
27 silly audit   'binary-extensions': [ '2.3.0' ],
27 silly audit   bl: [ '4.1.0' ],
27 silly audit   'body-parser': [ '1.20.4', '2.2.2' ],
27 silly audit   'brace-expansion': [ '1.1.14', '2.1.0' ],
27 silly audit   braces: [ '3.0.3' ],
27 silly audit   browserslist: [ '4.28.2' ],
27 silly audit   bser: [ '2.1.1' ],
27 silly audit   buffer: [ '5.7.1' ],
27 silly audit   'buffer-crc32': [ '0.2.13' ],
27 silly audit   'buffer-equal-constant-time': [ '1.0.1' ],
27 silly audit   'buffer-from': [ '1.1.2' ],
27 silly audit   bytes: [ '3.1.2' ],
27 silly audit   'call-bind': [ '1.0.9' ],
27 silly audit   'call-bind-apply-helpers': [ '1.0.2' ],
27 silly audit   'call-bound': [ '1.0.4' ],
27 silly audit   callsites: [ '3.1.0' ],
27 silly audit   camelcase: [ '5.3.1', '6.3.0' ],
27 silly audit   'caniuse-lite': [ '1.0.30001790' ],
27 silly audit   chalk: [ '4.1.2' ],
27 silly audit   'char-regex': [ '1.0.2' ],
27 silly audit   chardet: [ '2.1.1' ],
27 silly audit   chokidar: [ '3.6.0' ],
27 silly audit   'glob-parent': [ '5.1.2', '6.0.2' ],
27 silly audit   'ci-info': [ '4.4.0' ],
27 silly audit   'cjs-module-lexer': [ '2.2.0', '1.4.3' ],
27 silly audit   'cli-cursor': [ '3.1.0' ],
27 silly audit   'cli-spinners': [ '2.9.2' ],
27 silly audit   'cli-width': [ '4.1.0' ],
27 silly audit   cliui: [ '8.0.1' ],
27 silly audit   clone: [ '1.0.4' ],
27 silly audit   co: [ '4.6.0' ],
27 silly audit   'collect-v8-coverage': [ '1.0.3' ],
27 silly audit   color: [ '5.0.3' ],
27 silly audit   'color-convert': [ '2.0.1', '3.1.3' ],
27 silly audit   'color-name': [ '1.1.4', '2.1.0' ],
27 silly audit   'color-string': [ '2.1.4' ],
27 silly audit   colorette: [ '2.0.20' ],
27 silly audit   'combined-stream': [ '1.0.8' ],
27 silly audit   commander: [ '11.1.0' ],
27 silly audit   'concat-map': [ '0.0.1' ],
27 silly audit   configstore: [ '5.0.1' ],
27 silly audit   'make-dir': [ '3.1.0', '4.0.0' ],
27 silly audit   'signal-exit': [ '3.0.7', '4.1.0' ],
27 silly audit   'write-file-atomic': [ '3.0.3', '5.0.1' ],
27 silly audit   'content-type': [ '1.0.5' ],
27 silly audit   'convert-source-map': [ '2.0.0' ],
27 silly audit   cookie: [ '0.7.2' ],
27 silly audit   cors: [ '2.8.6' ],
27 silly audit   'cross-spawn': [ '7.0.6' ],
27 silly audit   'crypto-random-string': [ '2.0.0' ],
27 silly audit   'data-uri-to-buffer': [ '4.0.1' ],
27 silly audit   'data-view-buffer': [ '1.0.2' ],
27 silly audit   'data-view-byte-length': [ '1.0.2' ],
27 silly audit   'data-view-byte-offset': [ '1.0.1' ],
27 silly audit   dedent: [ '1.7.2' ],
27 silly audit   deeks: [ '3.1.0' ],
27 silly audit   'deep-is': [ '0.1.4' ],
27 silly audit   deepmerge: [ '4.3.1' ],
27 silly audit   defaults: [ '1.0.4' ],
27 silly audit   'define-data-property': [ '1.1.4' ],
27 silly audit   'define-properties': [ '1.2.1' ],
27 silly audit   'delayed-stream': [ '1.0.0' ],
27 silly audit   depd: [ '2.0.0' ],
27 silly audit   destroy: [ '1.2.0' ],
27 silly audit   'detect-newline': [ '3.1.0' ],
27 silly audit   'dir-glob': [ '3.0.1' ],
27 silly audit   'doc-path': [ '4.1.1' ],
27 silly audit   doctrine: [ '3.0.0', '2.1.0' ],
27 silly audit   dotprompt: [ '1.1.2' ],
27 silly audit   'dunder-proto': [ '1.0.1' ],
27 silly audit   duplexer: [ '0.1.2' ],
27 silly audit   duplexify: [ '4.1.3' ],
27 silly audit   eastasianwidth: [ '0.2.0' ],
27 silly audit   'ecdsa-sig-formatter': [ '1.0.11' ],
27 silly audit   'ee-first': [ '1.1.1' ],
27 silly audit   'electron-to-chromium': [ '1.5.344' ],
27 silly audit   emittery: [ '0.13.1' ],
27 silly audit   enabled: [ '2.0.0' ],
27 silly audit   encodeurl: [ '2.0.0' ],
27 silly audit   'end-of-stream': [ '1.4.5' ],
27 silly audit   'error-ex': [ '1.3.4' ],
27 silly audit   'es-abstract': [ '1.24.2' ],
27 silly audit   'es-define-property': [ '1.0.1' ],
27 silly audit   'es-errors': [ '1.3.0' ],
27 silly audit   'es-object-atoms': [ '1.1.1' ],
27 silly audit   'es-set-tostringtag': [ '2.1.0' ],
27 silly audit   'es-shim-unscopables': [ '1.1.0' ],
27 silly audit   'es-to-primitive': [ '1.3.0' ],
27 silly audit   esbuild: [ '0.27.7' ],
27 silly audit   escalade: [ '3.2.0' ],
27 silly audit   'escape-html': [ '1.0.3' ],
27 silly audit   'escape-string-regexp': [ '4.0.0', '2.0.0' ],
27 silly audit   eslint: [ '8.57.1' ],
27 silly audit   'eslint-config-google': [ '0.14.0' ],
27 silly audit   'eslint-import-resolver-node': [ '0.3.10' ],
27 silly audit   'eslint-module-utils': [ '2.12.1' ],
27 silly audit   'eslint-plugin-import': [ '2.32.0' ],
27 silly audit   'eslint-scope': [ '5.1.1', '7.2.2' ],
27 silly audit   'eslint-visitor-keys': [ '3.4.3' ],
27 silly audit   estraverse: [ '5.3.0', '4.3.0' ],
27 silly audit   espree: [ '9.6.1' ],
27 silly audit   esprima: [ '4.0.1' ],
27 silly audit   esquery: [ '1.7.0' ],
27 silly audit   esrecurse: [ '4.3.0' ],
27 silly audit   esutils: [ '2.0.3' ],
27 silly audit   etag: [ '1.8.1' ],
27 silly audit   'event-stream': [ '3.3.4' ],
27 silly audit   'event-target-shim': [ '5.0.1' ],
27 silly audit   eventid: [ '2.0.1' ],
27 silly audit   events: [ '3.3.0' ],
27 silly audit   eventsource: [ '3.0.7' ],
27 silly audit   'eventsource-parser': [ '3.0.8' ],
27 silly audit   execa: [ '5.1.1' ],
27 silly audit   'exit-x': [ '0.2.2' ],
27 silly audit   expect: [ '30.3.0' ],
27 silly audit   'express-rate-limit': [ '8.4.0' ],
27 silly audit   'media-typer': [ '1.1.0', '0.3.0' ],
27 silly audit   'type-is': [ '2.0.1', '1.6.18' ],
27 silly audit   extend: [ '3.0.2' ],
27 silly audit   'extract-zip': [ '2.0.1' ],
27 silly audit   'get-stream': [ '5.2.0', '6.0.1' ],
27 silly audit   'farmhash-modern': [ '1.1.0' ],
27 silly audit   'fast-deep-equal': [ '3.1.3' ],
27 silly audit   'fast-glob': [ '3.3.3' ],
27 silly audit   'fast-json-stable-stringify': [ '2.1.0' ],
27 silly audit   'fast-levenshtein': [ '2.0.6' ],
27 silly audit   'fast-uri': [ '3.1.0' ],
27 silly audit   'fast-xml-builder': [ '1.1.5' ],
27 silly audit   'fast-xml-parser': [ '5.7.1' ],
27 silly audit   fastq: [ '1.20.1' ],
27 silly audit   'faye-websocket': [ '0.11.4' ],
27 silly audit   'fb-watchman': [ '2.0.2' ],
27 silly audit   'fd-slicer': [ '1.1.0' ],
27 silly audit   fecha: [ '4.2.3' ],
27 silly audit   'fetch-blob': [ '3.2.0' ],
27 silly audit   'file-entry-cache': [ '6.0.1' ],
27 silly audit   'fill-range': [ '7.1.1' ],
27 silly audit   'firebase-admin': [ '13.8.0' ],
27 silly audit   'firebase-functions': [ '7.2.5' ],
27 silly audit   'firebase-functions-test': [ '3.4.1' ],
27 silly audit   'flat-cache': [ '3.2.0' ],
27 silly audit   flatted: [ '3.4.2' ],
27 silly audit   'fn.name': [ '1.1.0' ],
27 silly audit   'follow-redirects': [ '1.16.0' ],
27 silly audit   'for-each': [ '0.3.5' ],
27 silly audit   'foreground-child': [ '3.3.1' ],
27 silly audit   'formdata-polyfill': [ '4.0.10' ],
27 silly audit   forwarded: [ '0.2.0' ],
27 silly audit   from: [ '0.1.7' ],
27 silly audit   'fs.realpath': [ '1.0.0' ],
27 silly audit   fsevents: [ '2.3.3' ],
27 silly audit   'function-bind': [ '1.1.2' ],
27 silly audit   'function.prototype.name': [ '1.1.8' ],
27 silly audit   'functional-red-black-tree': [ '1.0.1' ],
27 silly audit   'functions-have-names': [ '1.2.3' ],
27 silly audit   gaxios: [ '6.7.1', '7.1.4' ],
27 silly audit   'generator-function': [ '2.0.1' ],
27 silly audit   genkit: [ '1.32.0' ],
27 silly audit   'genkit-cli': [ '1.32.0' ],
27 silly audit   gensync: [ '1.0.0-beta.2' ],
27 silly audit   'get-caller-file': [ '2.0.5' ],
27 silly audit   'get-intrinsic': [ '1.3.0' ],
27 silly audit   'get-package-type': [ '0.1.0' ],
27 silly audit   'get-port': [ '5.1.1' ],
27 silly audit   'get-proto': [ '1.0.1' ],
27 silly audit   'get-symbol-description': [ '1.1.0' ],
27 silly audit   'get-tsconfig': [ '4.14.0' ],
27 silly audit   glob: [ '10.5.0', '7.2.3' ],
27 silly audit   minimatch: [ '9.0.9', '3.1.5' ],
27 silly audit   globals: [ '13.24.0' ],
27 silly audit   globalthis: [ '1.0.4' ],
27 silly audit   globby: [ '11.1.0' ],
27 silly audit   googleapis: [ '137.1.0' ],
27 silly audit   'googleapis-common': [ '7.2.0' ],
27 silly audit   gopd: [ '1.2.0' ],
27 silly audit   'graceful-fs': [ '4.2.11' ],
27 silly audit   graphemer: [ '1.4.0' ],
27 silly audit   gtoken: [ '7.1.0' ],
27 silly audit   handlebars: [ '4.7.9' ],
27 silly audit   'has-bigints': [ '1.1.0' ],
27 silly audit   'has-flag': [ '4.0.0' ],
27 silly audit   'has-property-descriptors': [ '1.0.2' ],
27 silly audit   'has-proto': [ '1.2.0' ],
27 silly audit   'has-symbols': [ '1.1.0' ],
27 silly audit   'has-tostringtag': [ '1.0.2' ],
27 silly audit   hasown: [ '2.0.3' ],
27 silly audit   hono: [ '4.12.14' ],
27 silly audit   'html-entities': [ '2.6.0' ],
27 silly audit   'html-escaper': [ '2.0.2' ],
27 silly audit   'http-errors': [ '2.0.1' ],
27 silly audit   'http-parser-js': [ '0.5.10' ],
27 silly audit   'https-proxy-agent': [ '7.0.6', '5.0.1' ],
27 silly audit   'human-signals': [ '2.1.0' ],
27 silly audit   ieee754: [ '1.2.1' ],
27 silly audit   ignore: [ '5.3.2' ],
27 silly audit   'import-fresh': [ '3.3.1' ],
27 silly audit   'import-in-the-middle': [ '1.15.0' ],
27 silly audit   'import-local': [ '3.2.0' ],
27 silly audit   imurmurhash: [ '0.1.4' ],
27 silly audit   inflight: [ '1.0.6' ],
27 silly audit   inherits: [ '2.0.4' ],
27 silly audit   'internal-slot': [ '1.1.0' ],
27 silly audit   'ip-address': [ '10.1.0' ],
27 silly audit   'ipaddr.js': [ '1.9.1' ],
27 silly audit   'is-array-buffer': [ '3.0.5' ],
27 silly audit   'is-arrayish': [ '0.2.1' ],
27 silly audit   'is-async-function': [ '2.1.1' ],
27 silly audit   'is-bigint': [ '1.1.0' ],
27 silly audit   'is-binary-path': [ '2.1.0' ],
27 silly audit   'is-boolean-object': [ '1.2.2' ],
27 silly audit   'is-callable': [ '1.2.7' ],
27 silly audit   'is-core-module': [ '2.16.1' ],
27 silly audit   'is-data-view': [ '1.0.2' ],
27 silly audit   'is-date-object': [ '1.1.0' ],
27 silly audit   'is-extglob': [ '2.1.1' ],
27 silly audit   'is-finalizationregistry': [ '1.1.1' ],
27 silly audit   'is-fullwidth-code-point': [ '3.0.0' ],
27 silly audit   'is-generator-fn': [ '2.1.0' ],
27 silly audit   'is-generator-function': [ '1.1.2' ],
27 silly audit   'is-glob': [ '4.0.3' ],
27 silly audit   'is-interactive': [ '1.0.0' ],
27 silly audit   'is-map': [ '2.0.3' ],
27 silly audit   'is-negative-zero': [ '2.0.3' ],
27 silly audit   'is-number': [ '7.0.0' ],
27 silly audit   'is-number-object': [ '1.1.1' ],
27 silly audit   'is-obj': [ '2.0.0' ],
27 silly audit   'is-path-inside': [ '3.0.3' ],
27 silly audit   'is-promise': [ '4.0.0' ],
27 silly audit   'is-regex': [ '1.2.1' ],
27 silly audit   'is-set': [ '2.0.3' ],
27 silly audit   'is-shared-array-buffer': [ '1.0.4' ],
27 silly audit   'is-stream': [ '2.0.1' ],
27 silly audit   'is-string': [ '1.1.1' ],
27 silly audit   'is-symbol': [ '1.1.1' ],
27 silly audit   'is-typed-array': [ '1.1.15' ],
27 silly audit   'is-typedarray': [ '1.0.0' ],
27 silly audit   'is-unicode-supported': [ '0.1.0' ],
27 silly audit   'is-weakmap': [ '2.0.2' ],
27 silly audit   'is-weakref': [ '1.1.1' ],
27 silly audit   'is-weakset': [ '2.0.4' ],
27 silly audit   'is-wsl': [ '1.1.0' ],
27 silly audit   isarray: [ '2.0.5' ],
27 silly audit   isexe: [ '2.0.0' ],
27 silly audit   'istanbul-lib-coverage': [ '3.2.2' ],
27 silly audit   'istanbul-lib-instrument': [ '6.0.3' ],
27 silly audit   'istanbul-lib-report': [ '3.0.1' ],
27 silly audit   'istanbul-lib-source-maps': [ '5.0.6' ],
27 silly audit   'istanbul-reports': [ '3.2.0' ],
27 silly audit   jackspeak: [ '3.4.3' ],
27 silly audit   jest: [ '30.3.0' ],
27 silly audit   'jest-changed-files': [ '30.3.0' ],
27 silly audit   'jest-circus': [ '30.3.0' ],
27 silly audit   'jest-cli': [ '30.3.0' ],
27 silly audit   'jest-config': [ '30.3.0' ],
27 silly audit   'jest-diff': [ '30.3.0' ],
27 silly audit   'jest-docblock': [ '30.2.0' ],
27 silly audit   'jest-each': [ '30.3.0' ],
27 silly audit   'jest-environment-node': [ '30.3.0' ],
27 silly audit   'jest-haste-map': [ '30.3.0' ],
27 silly audit   'jest-leak-detector': [ '30.3.0' ],
27 silly audit   'jest-matcher-utils': [ '30.3.0' ],
27 silly audit   'jest-message-util': [ '30.3.0' ],
27 silly audit   'jest-mock': [ '30.3.0' ],
27 silly audit   'jest-pnp-resolver': [ '1.2.3' ],
27 silly audit   'jest-regex-util': [ '30.0.1' ],
27 silly audit   'jest-resolve': [ '30.3.0' ],
27 silly audit   'jest-resolve-dependencies': [ '30.3.0' ],
27 silly audit   'jest-runner': [ '30.3.0' ],
27 silly audit   'jest-runtime': [ '30.3.0' ],
27 silly audit   'jest-snapshot': [ '30.3.0' ],
27 silly audit   'jest-util': [ '30.3.0' ],
27 silly audit   'jest-validate': [ '30.3.0' ],
27 silly audit   'jest-watcher': [ '30.3.0' ],
27 silly audit   'jest-worker': [ '30.3.0' ],
27 silly audit   'supports-color': [ '8.1.1', '7.2.0' ],
27 silly audit   'js-tokens': [ '4.0.0' ],
27 silly audit   jsep: [ '1.4.0' ],
27 silly audit   jsesc: [ '3.1.0' ],
27 silly audit   'json-2-csv': [ '5.5.10' ],
27 silly audit   'json-bigint': [ '1.0.0' ],
27 silly audit   'json-buffer': [ '3.0.1' ],
27 silly audit   'json-parse-even-better-errors': [ '2.3.1' ],
27 silly audit   'json-schema': [ '0.4.0' ],
27 silly audit   'json-schema-typed': [ '8.0.2' ],
27 silly audit   'json-stable-stringify-without-jsonify': [ '1.0.1' ],
27 silly audit   json5: [ '2.2.3', '1.0.2' ],
27 silly audit   'jsonpath-plus': [ '10.4.0' ],
27 silly audit   jsonwebtoken: [ '9.0.3' ],
27 silly audit   jwa: [ '2.0.1' ],
27 silly audit   'jwks-rsa': [ '3.2.2' ],
27 silly audit   jws: [ '4.0.1' ],
27 silly audit   keyv: [ '4.5.4' ],
27 silly audit   kuler: [ '2.0.0' ],
27 silly audit   leven: [ '3.1.0' ],
27 silly audit   levn: [ '0.4.1' ],
27 silly audit   limiter: [ '1.1.5' ],
27 silly audit   'lines-and-columns': [ '1.2.4' ],
27 silly audit   lockfile: [ '1.0.4' ],
27 silly audit   lodash: [ '4.18.1' ],
27 silly audit   'lodash.camelcase': [ '4.3.0' ],
27 silly audit   'lodash.clonedeep': [ '4.5.0' ],
27 silly audit   'lodash.includes': [ '4.3.0' ],
27 silly audit   'lodash.isboolean': [ '3.0.3' ],
27 silly audit   'lodash.isinteger': [ '4.0.4' ],
27 silly audit   'lodash.isnumber': [ '3.0.3' ],
27 silly audit   'lodash.isplainobject': [ '4.0.6' ],
27 silly audit   'lodash.isstring': [ '4.0.1' ],
27 silly audit   'lodash.mapvalues': [ '4.6.0' ],
27 silly audit   'lodash.merge': [ '4.6.2' ],
27 silly audit   'lodash.once': [ '4.1.1' ],
27 silly audit   'log-symbols': [ '4.1.0' ],
27 silly audit   logform: [ '2.7.0' ],
27 silly audit   long: [ '5.3.2' ],
27 silly audit   'lru-cache': [ '5.1.1', '6.0.0', '10.4.3' ],
27 silly audit   'lru-memoizer': [ '2.3.0' ],
27 silly audit   yallist: [ '4.0.0', '3.1.1' ],
27 silly audit   makeerror: [ '1.0.12' ],
27 silly audit   'map-stream': [ '0.1.0' ],
27 silly audit   'math-intrinsics': [ '1.1.0' ],
27 silly audit   'merge-stream': [ '2.0.0' ],
27 silly audit   merge2: [ '1.4.1' ],
27 silly audit   methods: [ '1.1.2' ],
27 silly audit   micromatch: [ '4.0.8' ],
27 silly audit   'mimic-fn': [ '2.1.0' ],
27 silly audit   minimist: [ '1.2.8' ],
27 silly audit   minipass: [ '7.1.3' ],
27 silly audit   'module-details-from-path': [ '1.0.4' ],
27 silly audit   'mute-stream': [ '2.0.0' ],
27 silly audit   'napi-postinstall': [ '0.3.4' ],
27 silly audit   'natural-compare': [ '1.4.0' ],
27 silly audit   'natural-compare-lite': [ '1.4.0' ],
27 silly audit   'neo-async': [ '2.6.2' ],
27 silly audit   'node-domexception': [ '1.0.0' ],
27 silly audit   'node-exports-info': [ '1.6.0' ],
27 silly audit   'node-forge': [ '1.4.0' ],
27 silly audit   'node-int64': [ '0.4.0' ],
27 silly audit   'node-releases': [ '2.0.38' ],
27 silly audit   'normalize-path': [ '3.0.0' ],
27 silly audit   'npm-run-path': [ '4.0.1' ],
27 silly audit   'object-assign': [ '4.1.1' ],
27 silly audit   'object-hash': [ '3.0.0' ],
27 silly audit   'object-inspect': [ '1.13.4' ],
27 silly audit   'object-keys': [ '1.1.1' ],
27 silly audit   'object.assign': [ '4.1.7' ],
27 silly audit   'object.entries': [ '1.1.9' ],
27 silly audit   'object.fromentries': [ '2.0.8' ],
27 silly audit   'object.groupby': [ '1.0.3' ],
27 silly audit   'object.values': [ '1.2.1' ],
27 silly audit   'on-finished': [ '2.4.1' ],
27 silly audit   once: [ '1.4.0' ],
27 silly audit   'one-time': [ '1.0.0' ],
27 silly audit   onetime: [ '5.1.2' ],
27 silly audit   open: [ '6.4.0' ],
27 silly audit   'openapi3-ts': [ '4.5.0' ],
27 silly audit   optionator: [ '0.9.4' ],
27 silly audit   ora: [ '5.4.1' ],
27 silly audit   'own-keys': [ '1.0.1' ],
27 silly audit   'p-try': [ '2.2.0' ],
27 silly audit   'package-json-from-dist': [ '1.0.1' ],
27 silly audit   'parent-module': [ '1.0.1' ],
27 silly audit   'parse-json': [ '5.2.0' ],
27 silly audit   parseurl: [ '1.3.3' ],
27 silly audit   'partial-json': [ '0.1.7' ],
27 silly audit   'path-exists': [ '4.0.0' ],
27 silly audit   'path-expression-matcher': [ '1.5.0' ],
27 silly audit   'path-is-absolute': [ '1.0.1' ],
27 silly audit   'path-key': [ '3.1.1' ],
27 silly audit   'path-parse': [ '1.0.7' ],
27 silly audit   'path-scurry': [ '1.11.1' ],
27 silly audit   'path-to-regexp': [ '0.1.13', '8.4.2' ],
27 silly audit   'path-type': [ '4.0.0' ],
27 silly audit   'pause-stream': [ '0.0.11' ],
27 silly audit   pend: [ '1.2.0' ],
27 silly audit   'pg-int8': [ '1.0.1' ],
27 silly audit   'pg-protocol': [ '1.13.0' ],
27 silly audit   'pg-types': [ '2.2.0' ],
27 silly audit   picocolors: [ '1.1.1' ],
27 silly audit   pirates: [ '4.0.7' ],
27 silly audit   'pkce-challenge': [ '5.0.1' ],
27 silly audit   'pkg-dir': [ '4.2.0' ],
27 silly audit   'possible-typed-array-names': [ '1.1.0' ],
27 silly audit   'postgres-array': [ '2.0.0' ],
27 silly audit   'postgres-bytea': [ '1.0.1' ],
27 silly audit   'postgres-date': [ '1.0.7' ],
27 silly audit   'postgres-interval': [ '1.2.0' ],
27 silly audit   'prelude-ls': [ '1.2.1' ],
27 silly audit   'pretty-format': [ '30.3.0' ],
27 silly audit   protobufjs: [ '7.5.5' ],
27 silly audit   'proxy-addr': [ '2.0.7' ],
27 silly audit   'proxy-from-env': [ '2.1.0' ],
27 silly audit   'ps-tree': [ '1.2.0' ],
27 silly audit   pump: [ '3.0.4' ],
27 silly audit   pumpify: [ '2.0.1' ],
27 silly audit   punycode: [ '2.3.1' ],
27 silly audit   'pure-rand': [ '7.0.1' ],
27 silly audit   qs: [ '6.14.2' ],
27 silly audit   'queue-microtask': [ '1.2.3' ],
27 silly audit   'range-parser': [ '1.2.1' ],
27 silly audit   'react-is': [ '18.3.1' ],
27 silly audit   'readable-stream': [ '3.6.2' ],
27 silly audit   readdirp: [ '3.6.0' ],
27 silly audit   'reflect.getprototypeof': [ '1.0.10' ],
27 silly audit   'regexp.prototype.flags': [ '1.5.4' ],
27 silly audit   'require-directory': [ '2.1.1' ],
27 silly audit   'require-from-string': [ '2.0.2' ],
27 silly audit   'require-in-the-middle': [ '7.5.2' ],
27 silly audit   resolve: [ '1.22.12', '2.0.0-next.6' ],
27 silly audit   'resolve-cwd': [ '3.0.0' ],
27 silly audit   'resolve-pkg-maps': [ '1.0.0' ],
27 silly audit   'restore-cursor': [ '3.1.0' ],
27 silly audit   retry: [ '0.13.1' ],
27 silly audit   reusify: [ '1.1.0' ],
27 silly audit   router: [ '2.2.0' ],
27 silly audit   'run-parallel': [ '1.2.0' ],
27 silly audit   'safe-array-concat': [ '1.1.4' ],
27 silly audit   'safe-buffer': [ '5.2.1' ],
27 silly audit   'safe-push-apply': [ '1.0.0' ],
27 silly audit   'safe-regex-test': [ '1.1.0' ],
27 silly audit   'safe-stable-stringify': [ '2.5.0' ],
27 silly audit   'safer-buffer': [ '2.1.2' ],
27 silly audit   'set-function-length': [ '1.2.2' ],
27 silly audit   'set-function-name': [ '2.0.2' ],
27 silly audit   'set-proto': [ '1.0.0' ],
27 silly audit   setprototypeof: [ '1.2.0' ],
27 silly audit   'shebang-command': [ '2.0.0' ],
27 silly audit   'shebang-regex': [ '3.0.0' ],
27 silly audit   shimmer: [ '1.2.1' ],
27 silly audit   'side-channel': [ '1.1.0' ],
27 silly audit   'side-channel-list': [ '1.0.1' ],
27 silly audit   'side-channel-map': [ '1.0.1' ],
27 silly audit   'side-channel-weakmap': [ '1.0.2' ],
27 silly audit   slash: [ '3.0.0' ],
27 silly audit   'source-map': [ '0.6.1' ],
27 silly audit   'source-map-support': [ '0.5.13' ],
27 silly audit   split: [ '0.3.3' ],
27 silly audit   'sprintf-js': [ '1.0.3' ],
27 silly audit   'stack-trace': [ '0.0.10' ],
27 silly audit   'stack-utils': [ '2.0.6' ],
27 silly audit   statuses: [ '2.0.2' ],
27 silly audit   'stop-iteration-iterator': [ '1.1.0' ],
27 silly audit   'stream-combiner': [ '0.0.4' ],
27 silly audit   'stream-events': [ '1.0.5' ],
27 silly audit   'stream-shift': [ '1.0.3' ],
27 silly audit   string_decoder: [ '1.3.0' ],
27 silly audit   'string-length': [ '4.0.2' ],
27 silly audit   'string.prototype.trim': [ '1.2.10' ],
27 silly audit   'string.prototype.trimend': [ '1.0.9' ],
27 silly audit   'string.prototype.trimstart': [ '1.0.8' ],
27 silly audit   'strip-bom': [ '4.0.0', '3.0.0' ],
27 silly audit   'strip-final-newline': [ '2.0.0' ],
27 silly audit   'strip-json-comments': [ '3.1.1' ],
27 silly audit   strnum: [ '2.2.3' ],
27 silly audit   stubs: [ '3.0.0' ],
27 silly audit   'supports-preserve-symlinks-flag': [ '1.0.0' ],
27 silly audit   synckit: [ '0.11.12' ],
27 silly audit   terminate: [ '2.8.0' ],
27 silly audit   'test-exclude': [ '6.0.0' ],
27 silly audit   'text-hex': [ '1.0.0' ],
27 silly audit   'text-table': [ '0.2.0' ],
27 silly audit   through: [ '2.3.8' ],
27 silly audit   tmpl: [ '1.0.5' ],
27 silly audit   'to-regex-range': [ '5.0.1' ],
27 silly audit   toidentifier: [ '1.0.1' ],
27 silly audit   tr46: [ '0.0.3' ],
27 silly audit   'triple-beam': [ '1.4.1' ],
27 silly audit   'ts-deepmerge': [ '2.0.7' ],
27 silly audit   'tsconfig-paths': [ '3.15.0' ],
27 silly audit   tslib: [ '2.8.1', '1.14.1' ],
27 silly audit   tsutils: [ '3.21.0' ],
27 silly audit   'type-check': [ '0.4.0' ],
27 silly audit   'type-detect': [ '4.0.8' ],
27 silly audit   'typed-array-buffer': [ '1.0.3' ],
27 silly audit   'typed-array-byte-length': [ '1.0.3' ],
27 silly audit   'typed-array-byte-offset': [ '1.0.4' ],
27 silly audit   'typed-array-length': [ '1.0.7' ],
27 silly audit   'typedarray-to-buffer': [ '3.1.5' ],
27 silly audit   'uglify-js': [ '3.19.3' ],
27 silly audit   'unbox-primitive': [ '1.1.0' ],
27 silly audit   'unique-string': [ '2.0.0' ],
27 silly audit   unpipe: [ '1.0.0' ],
27 silly audit   'unrs-resolver': [ '1.11.1' ],
27 silly audit   'update-browserslist-db': [ '1.2.3' ],
27 silly audit   'uri-js': [ '4.4.1' ],
27 silly audit   'uri-templates': [ '0.2.0' ],
27 silly audit   'url-template': [ '2.0.8' ],
27 silly audit   'util-deprecate': [ '1.0.2' ],
27 silly audit   'utils-merge': [ '1.0.1' ],
27 silly audit   'v8-to-istanbul': [ '9.3.0' ],
27 silly audit   vary: [ '1.1.2' ],
27 silly audit   walker: [ '1.0.8' ],
27 silly audit   wcwidth: [ '1.0.1' ],
27 silly audit   'web-streams-polyfill': [ '3.3.3' ],
27 silly audit   'webidl-conversions': [ '3.0.1' ],
27 silly audit   'websocket-driver': [ '0.7.4' ],
27 silly audit   'websocket-extensions': [ '0.1.4' ],
27 silly audit   'whatwg-url': [ '5.0.0' ],
27 silly audit   which: [ '2.0.2' ],
27 silly audit   'which-boxed-primitive': [ '1.1.1' ],
27 silly audit   'which-builtin-type': [ '1.2.1' ],
27 silly audit   'which-collection': [ '1.0.2' ],
27 silly audit   'which-typed-array': [ '1.1.20' ],
27 silly audit   winston: [ '3.19.0' ],
27 silly audit   'winston-transport': [ '4.9.0' ],
27 silly audit   'word-wrap': [ '1.2.5' ],
27 silly audit   wordwrap: [ '1.0.0' ],
27 silly audit   wrappy: [ '1.0.2' ],
27 silly audit   ws: [ '8.20.0' ],
27 silly audit   'xdg-basedir': [ '4.0.0' ],
27 silly audit   xtend: [ '4.0.2' ],
27 silly audit   y18n: [ '5.0.8' ],
27 silly audit   yaml: [ '2.8.3' ],
27 silly audit   yargs: [ '17.7.2' ],
27 silly audit   'yargs-parser': [ '21.1.1' ],
27 silly audit   yauzl: [ '2.10.0' ],
27 silly audit   'yocto-queue': [ '0.1.0' ],
27 silly audit   'yoctocolors-cjs': [ '2.1.3' ],
27 silly audit   zod: [ '3.25.76' ],
27 silly audit   'zod-to-json-schema': [ '3.25.2' ],
27 silly audit   tsx: [ '4.21.0' ],
27 silly audit   typescript: [ '6.0.3' ]
27 silly audit }
28 http fetch POST 200 https://registry.npmjs.org/-/npm/v1/security/advisories/bulk 8324ms
29 silly audit report {
29 silly audit report   uuid: [
29 silly audit report     {
29 silly audit report       id: 1116970,
29 silly audit report       url: 'https://github.com/advisories/GHSA-w5hq-g745-h8pq',
29 silly audit report       title: 'uuid: Missing buffer bounds check in v3/v5/v6 when buf is provided',
29 silly audit report       severity: 'moderate',
29 silly audit report       vulnerable_versions: '<14.0.0',
29 silly audit report       cwe: [Array],
29 silly audit report       cvss: [Object]
29 silly audit report     }
29 silly audit report   ],
29 silly audit report   '@tootallnate/once': [
29 silly audit report     {
29 silly audit report       id: 1113977,
29 silly audit report       url: 'https://github.com/advisories/GHSA-vpq2-c234-7xj6',
29 silly audit report       title: '@tootallnate/once vulnerable to Incorrect Control Flow Scoping',
29 silly audit report       severity: 'low',
29 silly audit report       vulnerable_versions: '<3.0.1',
29 silly audit report       cwe: [Array],
29 silly audit report       cvss: [Object]
29 silly audit report     }
29 silly audit report   ]
29 silly audit report }
30 silly packumentCache corgi:https://registry.npmjs.org/uuid cache-miss
31 silly packumentCache corgi:https://registry.npmjs.org/@tootallnate%2fonce cache-miss
32 http fetch GET 200 https://registry.npmjs.org/@tootallnate%2fonce 4687ms (cache revalidated)
33 silly packumentCache corgi:https://registry.npmjs.org/@tootallnate%2fonce set size:10818 disposed:false
34 http fetch GET 200 https://registry.npmjs.org/uuid 5090ms (cache revalidated)
35 silly packumentCache corgi:https://registry.npmjs.org/uuid set size:72733 disposed:false
36 silly packumentCache corgi:https://registry.npmjs.org/@genkit-ai%2fai cache-miss
37 silly packumentCache corgi:https://registry.npmjs.org/@genkit-ai%2ftools-common cache-miss
38 silly packumentCache corgi:https://registry.npmjs.org/@google-cloud%2flogging cache-miss
39 silly packumentCache corgi:https://registry.npmjs.org/@google-cloud%2fstorage cache-miss
40 silly packumentCache corgi:https://registry.npmjs.org/eventid cache-miss
41 silly packumentCache corgi:https://registry.npmjs.org/gaxios cache-miss
42 silly packumentCache corgi:https://registry.npmjs.org/genkit cache-miss
43 silly packumentCache corgi:https://registry.npmjs.org/google-gax cache-miss
44 silly packumentCache corgi:https://registry.npmjs.org/googleapis-common cache-miss
45 silly packumentCache corgi:https://registry.npmjs.org/teeny-request cache-miss
46 silly packumentCache corgi:https://registry.npmjs.org/firebase-admin cache-miss
47 http cache https://registry.npmjs.org/@google-cloud%2flogging 254ms (cache hit)
48 silly packumentCache corgi:https://registry.npmjs.org/@google-cloud%2flogging set size:378966 disposed:false
49 http cache https://registry.npmjs.org/@genkit-ai%2ftools-common 288ms (cache hit)
50 silly packumentCache corgi:https://registry.npmjs.org/@genkit-ai%2ftools-common set size:217263 disposed:false
51 http cache https://registry.npmjs.org/@genkit-ai%2fai 314ms (cache hit)
52 silly packumentCache corgi:https://registry.npmjs.org/@genkit-ai%2fai set size:128786 disposed:false
53 http cache https://registry.npmjs.org/googleapis-common 295ms (cache hit)
54 silly packumentCache corgi:https://registry.npmjs.org/googleapis-common set size:132986 disposed:false
55 http cache https://registry.npmjs.org/genkit 318ms (cache hit)
56 silly packumentCache corgi:https://registry.npmjs.org/genkit set size:130772 disposed:false
57 http cache https://registry.npmjs.org/eventid 342ms (cache hit)
58 silly packumentCache corgi:https://registry.npmjs.org/eventid set size:6903 disposed:false
59 http fetch GET 200 https://registry.npmjs.org/gaxios 375ms (cache revalidated)
60 silly packumentCache corgi:https://registry.npmjs.org/gaxios set size:196019 disposed:false
61 http fetch GET 200 https://registry.npmjs.org/@google-cloud%2fstorage 404ms (cache revalidated)
62 silly packumentCache corgi:https://registry.npmjs.org/@google-cloud%2fstorage set size:478103 disposed:false
63 http fetch GET 200 https://registry.npmjs.org/teeny-request 782ms (cache revalidated)
64 silly packumentCache corgi:https://registry.npmjs.org/teeny-request set size:97803 disposed:false
65 http fetch GET 200 https://registry.npmjs.org/firebase-admin 800ms (cache revalidated)
66 silly packumentCache corgi:https://registry.npmjs.org/firebase-admin set size:338490 disposed:false
67 http fetch GET 200 https://registry.npmjs.org/google-gax 841ms (cache revalidated)
68 silly packumentCache corgi:https://registry.npmjs.org/google-gax set size:997085 disposed:false
69 silly packumentCache corgi:https://registry.npmjs.org/http-proxy-agent cache-miss
70 http fetch GET 200 https://registry.npmjs.org/http-proxy-agent 208ms (cache revalidated)
71 silly packumentCache corgi:https://registry.npmjs.org/http-proxy-agent set size:24577 disposed:false
72 silly packumentCache corgi:https://registry.npmjs.org/@google-cloud%2flogging-winston cache-miss
73 http cache https://registry.npmjs.org/@google-cloud%2flogging-winston 33ms (cache hit)
74 silly packumentCache corgi:https://registry.npmjs.org/@google-cloud%2flogging-winston set size:131914 disposed:false
75 silly packumentCache corgi:https://registry.npmjs.org/@genkit-ai%2ftelemetry-server cache-miss
76 silly packumentCache corgi:https://registry.npmjs.org/genkit-cli cache-miss
77 http cache https://registry.npmjs.org/@genkit-ai%2ftelemetry-server 40ms (cache hit)
78 silly packumentCache corgi:https://registry.npmjs.org/@genkit-ai%2ftelemetry-server set size:132282 disposed:false
79 http cache https://registry.npmjs.org/genkit-cli 50ms (cache hit)
80 silly packumentCache corgi:https://registry.npmjs.org/genkit-cli set size:118310 disposed:false
81 silly packumentCache corgi:https://registry.npmjs.org/googleapis cache-miss
82 http cache https://registry.npmjs.org/googleapis 33ms (cache hit)
83 silly packumentCache corgi:https://registry.npmjs.org/googleapis set size:449470 disposed:false
84 silly packumentCache corgi:https://registry.npmjs.org/@genkit-ai%2ffirebase cache-miss
85 silly packumentCache corgi:https://registry.npmjs.org/@genkit-ai%2fgoogle-cloud cache-miss
86 silly packumentCache corgi:https://registry.npmjs.org/@genkit-ai%2fgoogle-genai cache-miss
87 http cache https://registry.npmjs.org/@genkit-ai%2fgoogle-genai 195ms (cache hit)
88 silly packumentCache corgi:https://registry.npmjs.org/@genkit-ai%2fgoogle-genai set size:34258 disposed:false
89 http cache https://registry.npmjs.org/@genkit-ai%2ffirebase 219ms (cache hit)
90 silly packumentCache corgi:https://registry.npmjs.org/@genkit-ai%2ffirebase set size:149118 disposed:false
91 http cache https://registry.npmjs.org/@genkit-ai%2fgoogle-cloud 231ms (cache hit)
92 silly packumentCache corgi:https://registry.npmjs.org/@genkit-ai%2fgoogle-cloud set size:222387 disposed:false
93 silly packumentCache corgi:https://registry.npmjs.org/gcp-metadata cache-miss
94 silly packumentCache corgi:https://registry.npmjs.org/google-auth-library cache-miss
95 silly packumentCache corgi:https://registry.npmjs.org/gtoken cache-miss
96 http fetch GET 200 https://registry.npmjs.org/google-auth-library 234ms (cache revalidated)
97 silly packumentCache corgi:https://registry.npmjs.org/google-auth-library set size:367243 disposed:false
98 http fetch GET 200 https://registry.npmjs.org/gcp-metadata 294ms (cache revalidated)
99 silly packumentCache corgi:https://registry.npmjs.org/gcp-metadata set size:87172 disposed:false
100 http fetch GET 200 https://registry.npmjs.org/gtoken 297ms (cache revalidated)
101 silly packumentCache corgi:https://registry.npmjs.org/gtoken set size:74319 disposed:false
102 silly packumentCache corgi:https://registry.npmjs.org/@google-cloud%2fcommon cache-miss
103 silly packumentCache corgi:https://registry.npmjs.org/retry-request cache-miss
104 http cache https://registry.npmjs.org/@google-cloud%2fcommon 47ms (cache hit)
105 silly packumentCache corgi:https://registry.npmjs.org/@google-cloud%2fcommon set size:240059 disposed:false
106 http fetch GET 200 https://registry.npmjs.org/retry-request 204ms (cache revalidated)
107 silly packumentCache corgi:https://registry.npmjs.org/retry-request set size:40804 disposed:false
108 silly packumentCache corgi:https://registry.npmjs.org/firebase-functions cache-miss
109 silly packumentCache corgi:https://registry.npmjs.org/firebase-functions-test cache-miss
110 http fetch GET 200 https://registry.npmjs.org/firebase-functions 287ms (cache revalidated)
111 silly packumentCache corgi:https://registry.npmjs.org/firebase-functions set size:304679 disposed:false
112 http fetch GET 200 https://registry.npmjs.org/firebase-functions-test 700ms (cache revalidated)
113 silly packumentCache corgi:https://registry.npmjs.org/firebase-functions-test set size:50649 disposed:false
114 silly packumentCache corgi:https://registry.npmjs.org/@google-cloud%2ffirestore cache-miss
115 http fetch GET 200 https://registry.npmjs.org/@google-cloud%2ffirestore 196ms (cache revalidated)
116 silly packumentCache corgi:https://registry.npmjs.org/@google-cloud%2ffirestore set size:328352 disposed:false
117 silly packumentCache corgi:https://registry.npmjs.org/@google-cloud%2fopentelemetry-cloud-monitoring-exporter cache-miss
118 http cache https://registry.npmjs.org/@google-cloud%2fopentelemetry-cloud-monitoring-exporter 31ms (cache hit)
119 silly packumentCache corgi:https://registry.npmjs.org/@google-cloud%2fopentelemetry-cloud-monitoring-exporter set size:44559 disposed:false
120 silly packumentCache corgi:https://registry.npmjs.org/@genkit-ai%2fcore cache-miss
121 http cache https://registry.npmjs.org/@genkit-ai%2fcore 106ms (cache hit)
122 silly packumentCache corgi:https://registry.npmjs.org/@genkit-ai%2fcore set size:178128 disposed:false
123 verbose cwd /data/data/com.termux/files/home/functions
124 verbose os Linux 4.19.127-ga063971dce66-dirty
125 verbose node v25.8.1
126 verbose npm  v11.13.0
127 verbose exit 0
128 info ok
