0 verbose cli /data/data/com.termux/files/usr/bin/node /data/data/com.termux/files/usr/lib/node_modules/npm/bin/npm-cli.js
1 info using npm@11.13.0
2 info using node@v25.8.1
3 silly config load:file:/data/data/com.termux/files/usr/lib/node_modules/npm/npmrc
4 silly config load:file:/data/data/com.termux/files/home/.npmrc
5 silly config load:file:/data/data/com.termux/files/usr/etc/npmrc
6 verbose title npm exec skills add firebase/agent-skills --skill * -y
7 verbose argv "exec" "--yes" "--" "skills" "add" "firebase/agent-skills" "--skill" "*" "-y"
8 verbose logfile logs-max:10 dir:/data/data/com.termux/files/home/.npm/_logs/2026-04-23T06_28_34_183Z-
9 verbose logfile /data/data/com.termux/files/home/.npm/_logs/2026-04-23T06_28_34_183Z-debug-0.log
10 silly logfile start cleaning logs, removing 1 files
11 silly logfile done cleaning log files
12 silly packumentCache heap:1096286208 maxSize:274071552 maxEntrySize:137035776
13 http fetch GET 200 https://registry.npmjs.org/skills 967ms (cache miss)
14 silly packumentCache heap:1096286208 maxSize:274071552 maxEntrySize:137035776
15 silly packumentCache heap:1096286208 maxSize:274071552 maxEntrySize:137035776
16 silly idealTree buildDeps
17 silly fetch manifest skills@1.5.1
18 silly packumentCache full:https://registry.npmjs.org/skills cache-miss
19 http fetch GET 200 https://registry.npmjs.org/skills 252ms (cache miss)
20 silly packumentCache full:https://registry.npmjs.org/skills set size:undefined disposed:false
21 silly placeDep ROOT skills@1.5.1 OK for:  want: 1.5.1
22 silly fetch manifest yaml@^2.8.3
23 silly packumentCache full:https://registry.npmjs.org/yaml cache-miss
24 http fetch GET 200 https://registry.npmjs.org/yaml 236ms (cache revalidated)
25 silly packumentCache full:https://registry.npmjs.org/yaml set size:375230 disposed:false
26 silly placeDep ROOT yaml@2.8.3 OK for: skills@1.5.1 want: ^2.8.3
27 silly reify moves {}
28 silly audit bulk request { skills: [ '1.5.1' ], yaml: [ '2.8.3' ] }
29 http cache yaml@https://registry.npmjs.org/yaml/-/yaml-2.8.3.tgz 0ms (cache hit)
30 http cache skills@https://registry.npmjs.org/skills/-/skills-1.5.1.tgz 1ms (cache hit)
31 silly tarball no local data for skills@https://registry.npmjs.org/skills/-/skills-1.5.1.tgz. Extracting by manifest.
32 http fetch POST 200 https://registry.npmjs.org/-/npm/v1/security/advisories/bulk 314ms
33 silly audit report {}
34 http fetch GET 200 https://registry.npmjs.org/skills/-/skills-1.5.1.tgz 869ms (cache miss)
35 verbose cwd /data/data/com.termux/files/home/INVERSIONES Atlántida
36 verbose os Linux 4.19.127-ga063971dce66-dirty
37 verbose node v25.8.1
38 verbose npm  v11.13.0
39 verbose exit 0
40 info ok
