0 verbose cli /data/data/com.termux/files/usr/bin/node /data/data/com.termux/files/usr/lib/node_modules/npm/bin/npm-cli.js
1 info using npm@11.13.0
2 info using node@v25.8.1
3 silly config load:file:/data/data/com.termux/files/usr/lib/node_modules/npm/npmrc
4 silly config load:file:/data/data/com.termux/files/home/.npmrc
5 silly config load:file:/data/data/com.termux/files/usr/etc/npmrc
6 verbose title npm exec create-next-app@latest web-app --ts --eslint --tailwind --src-dir --app --turbopack --import-alias @/* --skip-install
7 verbose argv "exec" "--" "create-next-app@latest" "web-app" "--ts" "--eslint" "--tailwind" "--src-dir" "--app" "--turbopack" "--import-alias" "@/*" "--skip-install"
8 verbose logfile logs-max:10 dir:/data/data/com.termux/files/home/.npm/_logs/2026-04-23T05_13_15_986Z-
9 verbose logfile /data/data/com.termux/files/home/.npm/_logs/2026-04-23T05_13_15_986Z-debug-0.log
10 silly logfile start cleaning logs, removing 1 files
11 silly logfile done cleaning log files
12 silly packumentCache heap:1096286208 maxSize:274071552 maxEntrySize:137035776
13 http fetch GET 200 https://registry.npmjs.org/create-next-app 2252ms (cache miss)
14 silly packumentCache heap:1096286208 maxSize:274071552 maxEntrySize:137035776
15 silly packumentCache heap:1096286208 maxSize:274071552 maxEntrySize:137035776
16 silly idealTree buildDeps
17 silly fetch manifest create-next-app@16.2.4
18 silly packumentCache full:https://registry.npmjs.org/create-next-app cache-miss
19 http fetch GET 200 https://registry.npmjs.org/create-next-app 1298ms (cache miss)
20 silly packumentCache full:https://registry.npmjs.org/create-next-app set size:undefined disposed:false
21 silly placeDep ROOT create-next-app@16.2.4 OK for:  want: 16.2.4
22 silly reify moves {}
23 silly audit bulk request { 'create-next-app': [ '16.2.4' ] }
24 http cache create-next-app@https://registry.npmjs.org/create-next-app/-/create-next-app-16.2.4.tgz 3ms (cache hit)
25 silly tarball no local data for create-next-app@https://registry.npmjs.org/create-next-app/-/create-next-app-16.2.4.tgz. Extracting by manifest.
26 http fetch POST 200 https://registry.npmjs.org/-/npm/v1/security/advisories/bulk 832ms
27 silly audit report {}
28 http fetch GET 200 https://registry.npmjs.org/create-next-app/-/create-next-app-16.2.4.tgz 2395ms (cache miss)
29 verbose cwd /data/data/com.termux/files/home/inversiones
30 verbose os Linux 4.19.127-ga063971dce66-dirty
31 verbose node v25.8.1
32 verbose npm  v11.13.0
33 verbose exit 0
34 info ok
